23/07/2004 01:58:03 p.m. Se conecto con ip:127.0.0.1
23/07/2004 01:58:10 p.m. /IRA GIGY Mapa:75 X:51 Y:87
23/07/2004 01:59:07 p.m. Resucito a GIGY
23/07/2004 01:59:15 p.m. Transporto a Glaine hacia Mapa75 X:32 Y:84
23/07/2004 01:59:24 p.m. Transporto a Glaine hacia Mapa75 X:30 Y:84
23/07/2004 01:59:26 p.m. Transporto a Glaine hacia Mapa75 X:29 Y:84
23/07/2004 01:59:32 p.m. Resucito a GIGY
23/07/2004 01:59:33 p.m. Transporto a Glaine hacia Mapa75 X:27 Y:83
23/07/2004 01:59:47 p.m. /SUM HYDMAN Map:75 X:28 Y:87
23/07/2004 01:59:53 p.m. Sumoneo Murcielago
23/07/2004 01:59:53 p.m. Sumoneo Murcielago
23/07/2004 01:59:54 p.m. Sumoneo Murcielago
23/07/2004 01:59:55 p.m. Sumoneo Murcielago
23/07/2004 01:59:55 p.m. Sumoneo Murcielago
23/07/2004 01:59:56 p.m. Sumoneo Murcielago
23/07/2004 01:59:57 p.m. Sumoneo Murcielago
23/07/2004 01:59:57 p.m. Sumoneo Murcielago
23/07/2004 01:59:58 p.m. Sumoneo Murcielago
23/07/2004 01:59:59 p.m. Sumoneo Murcielago
23/07/2004 01:59:59 p.m. Sumoneo Murcielago
23/07/2004 02:00:00 p.m. Sumoneo Murcielago
23/07/2004 02:00:01 p.m. Sumoneo Murcielago
23/07/2004 02:00:02 p.m. Sumoneo Murcielago
23/07/2004 02:00:02 p.m. Sumoneo Murcielago
23/07/2004 02:00:03 p.m. Sumoneo Murcielago
23/07/2004 02:00:03 p.m. Sumoneo Murcielago
23/07/2004 02:00:04 p.m. Sumoneo Murcielago
23/07/2004 02:00:04 p.m. Sumoneo Murcielago
23/07/2004 02:00:04 p.m. Sumoneo Murcielago
23/07/2004 02:00:04 p.m. Sumoneo Murcielago
23/07/2004 02:00:04 p.m. Sumoneo Murcielago
23/07/2004 02:00:04 p.m. Sumoneo Murcielago
23/07/2004 02:00:04 p.m. Sumoneo Murcielago
23/07/2004 02:00:04 p.m. Sumoneo Murcielago
23/07/2004 02:00:04 p.m. Sumoneo Murcielago
23/07/2004 02:00:04 p.m. Sumoneo Murcielago
23/07/2004 02:00:04 p.m. Sumoneo Murcielago
23/07/2004 02:00:04 p.m. Sumoneo Murcielago
23/07/2004 02:00:04 p.m. Sumoneo Murcielago
23/07/2004 02:00:05 p.m. Sumoneo Murcielago
23/07/2004 02:00:05 p.m. Sumoneo Murcielago
23/07/2004 02:00:09 p.m. Transporto a Glaine hacia Mapa75 X:32 Y:84
23/07/2004 02:01:35 p.m. Se conecto con ip:127.0.0.1
23/07/2004 02:03:06 p.m. /MATA NPC SIN INICIAR
23/07/2004 02:03:09 p.m. Resucito a GIGY
23/07/2004 02:03:10 p.m. Transporto a Glaine hacia Mapa75 X:30 Y:84
23/07/2004 02:05:02 p.m. Transporto a Glaine hacia Mapa75 X:31 Y:92
23/07/2004 02:05:03 p.m. Transporto a Glaine hacia Mapa75 X:31 Y:89
23/07/2004 02:05:53 p.m. Agarro:1 Objeto:Armadura de placas completa enanos + 2
23/07/2004 02:06:31 p.m. Se conecto con ip:127.0.0.1
23/07/2004 02:06:35 p.m. Transporto a Glaine hacia Mapa75 X:35 Y:85
23/07/2004 02:07:14 p.m. Se conecto con ip:127.0.0.1
23/07/2004 02:07:53 p.m. Transporto a Glaine hacia Mapa75 X:30 Y:85
23/07/2004 02:09:27 p.m. /MATA NPC SIN INICIAR
23/07/2004 02:09:30 p.m. Transporto a Glaine hacia Mapa75 X:29 Y:86
23/07/2004 02:09:48 p.m. Agarro:1 Objeto:Armadura de placas completa enanos + 2
23/07/2004 02:09:50 p.m. Tiro cantidad:2 Objeto:Armadura de placas completa enanos + 2
23/07/2004 02:10:16 p.m. Agarro:2 Objeto:Armadura de placas completa enanos + 2
23/07/2004 02:10:18 p.m. Tiro cantidad:2 Objeto:Armadura de placas completa enanos + 2
23/07/2004 02:10:19 p.m. Transporto a Glaine hacia Mapa75 X:34 Y:91
23/07/2004 02:10:19 p.m. Transporto a Glaine hacia Mapa75 X:35 Y:90
23/07/2004 02:10:19 p.m. Transporto a Glaine hacia Mapa75 X:34 Y:93
23/07/2004 02:10:20 p.m. Transporto a Glaine hacia Mapa75 X:29 Y:92
23/07/2004 02:10:20 p.m. Transporto a Glaine hacia Mapa75 X:30 Y:92
23/07/2004 02:10:20 p.m. Transporto a Glaine hacia Mapa75 X:29 Y:91
23/07/2004 02:10:20 p.m. Transporto a Glaine hacia Mapa75 X:33 Y:92
23/07/2004 02:10:20 p.m. Transporto a Glaine hacia Mapa75 X:29 Y:91
23/07/2004 02:10:21 p.m. Transporto a Glaine hacia Mapa75 X:28 Y:89
23/07/2004 02:10:21 p.m. Transporto a Glaine hacia Mapa75 X:31 Y:91
23/07/2004 02:10:21 p.m. Transporto a Glaine hacia Mapa75 X:32 Y:90
23/07/2004 02:10:22 p.m. Transporto a Glaine hacia Mapa75 X:30 Y:91
23/07/2004 02:10:22 p.m. Transporto a Glaine hacia Mapa75 X:30 Y:89
23/07/2004 02:10:22 p.m. Transporto a Glaine hacia Mapa75 X:31 Y:89
23/07/2004 02:10:22 p.m. Transporto a Glaine hacia Mapa75 X:35 Y:88
23/07/2004 02:10:23 p.m. Transporto a Glaine hacia Mapa75 X:39 Y:86
23/07/2004 02:10:36 p.m. /CT: 1 50 50
23/07/2004 02:10:42 p.m. /CT: 1 50 50
23/07/2004 02:10:45 p.m. Agarro:2 Objeto:Armadura de placas completa enanos + 2
23/07/2004 02:10:47 p.m. Agarro:1 Objeto:Armadura de placas completa
23/07/2004 02:10:52 p.m. /DT
23/07/2004 02:10:56 p.m. /IRA HYDMAN Mapa:1 X:53 Y:51
23/07/2004 02:11:00 p.m. Tiro cantidad:2 Objeto:Armadura de placas completa enanos + 2
23/07/2004 02:11:06 p.m. Se conecto con ip:127.0.0.1
23/07/2004 02:11:07 p.m. Agarro:2 Objeto:Armadura de placas completa enanos + 2
23/07/2004 02:11:29 p.m. Transporto a Glaine hacia Mapa1 X:66 Y:50
23/07/2004 02:11:29 p.m. Transporto a Glaine hacia Mapa1 X:67 Y:45
23/07/2004 02:11:29 p.m. Transporto a Glaine hacia Mapa1 X:66 Y:40
23/07/2004 02:11:30 p.m. Transporto a Glaine hacia Mapa1 X:70 Y:32
23/07/2004 02:11:31 p.m. Transporto a Glaine hacia Mapa1 X:76 Y:30
23/07/2004 02:11:31 p.m. Transporto a Glaine hacia Mapa1 X:78 Y:32
23/07/2004 02:11:31 p.m. Transporto a Glaine hacia Mapa1 X:80 Y:35
23/07/2004 02:11:32 p.m. Transporto a Glaine hacia Mapa1 X:82 Y:39
23/07/2004 02:11:33 p.m. Transporto a Glaine hacia Mapa1 X:82 Y:40
23/07/2004 02:11:34 p.m. Transporto a Glaine hacia Mapa1 X:78 Y:40
23/07/2004 02:11:34 p.m. Transporto a Glaine hacia Mapa1 X:76 Y:44
23/07/2004 02:11:34 p.m. Transporto a Glaine hacia Mapa1 X:74 Y:49
23/07/2004 02:11:34 p.m. Transporto a Glaine hacia Mapa1 X:74 Y:48
23/07/2004 02:11:34 p.m. Transporto a Glaine hacia Mapa1 X:72 Y:52
23/07/2004 02:11:35 p.m. Transporto a Glaine hacia Mapa1 X:73 Y:52
23/07/2004 02:11:35 p.m. Transporto a Glaine hacia Mapa1 X:71 Y:56
23/07/2004 02:11:35 p.m. Transporto a Glaine hacia Mapa1 X:72 Y:56
23/07/2004 02:11:35 p.m. Transporto a Glaine hacia Mapa1 X:68 Y:60
23/07/2004 02:11:35 p.m. Transporto a Glaine hacia Mapa1 X:65 Y:64
23/07/2004 02:11:36 p.m. Transporto a Glaine hacia Mapa1 X:59 Y:68
23/07/2004 02:11:36 p.m. Transporto a Glaine hacia Mapa1 X:53 Y:71
23/07/2004 02:11:36 p.m. Transporto a Glaine hacia Mapa1 X:47 Y:68
23/07/2004 02:11:36 p.m. Transporto a Glaine hacia Mapa1 X:44 Y:65
23/07/2004 02:11:37 p.m. Transporto a Glaine hacia Mapa1 X:51 Y:62
23/07/2004 02:11:38 p.m. Transporto a Glaine hacia Mapa1 X:59 Y:60
23/07/2004 02:11:38 p.m. Transporto a Glaine hacia Mapa1 X:67 Y:57
23/07/2004 02:11:38 p.m. Transporto a Glaine hacia Mapa1 X:73 Y:56
23/07/2004 02:11:38 p.m. Transporto a Glaine hacia Mapa1 X:77 Y:56
23/07/2004 02:11:39 p.m. Transporto a Glaine hacia Mapa1 X:70 Y:58
23/07/2004 02:11:40 p.m. Transporto a Glaine hacia Mapa1 X:63 Y:58
23/07/2004 02:13:24 p.m. Transporto a Glaine hacia Mapa1 X:49 Y:70
23/07/2004 02:13:41 p.m. Transporto a Glaine hacia Mapa1 X:52 Y:65
23/07/2004 02:13:58 p.m. Transporto a Glaine hacia Mapa1 X:56 Y:65
23/07/2004 02:15:02 p.m. Transporto a Glaine hacia Mapa1 X:48 Y:55
23/07/2004 02:15:04 p.m. Transporto a Glaine hacia Mapa1 X:49 Y:53
23/07/2004 02:15:05 p.m. Transporto a Glaine hacia Mapa1 X:49 Y:54
23/07/2004 02:15:21 p.m. Transporto a Glaine hacia Mapa1 X:34 Y:45
23/07/2004 02:15:23 p.m. Transporto a Glaine hacia Mapa1 X:34 Y:36
23/07/2004 02:15:35 p.m. Transporto a Glaine hacia Mapa1 X:31 Y:12
23/07/2004 02:16:46 p.m. Echo a 
06/08/2004 10:12:43 p.m. Se conecto con ip:127.0.0.1
06/08/2004 10:13:13 p.m. /IRA Ancho Peuchele Mapa:4 X:61 Y:44
06/08/2004 10:13:38 p.m. /IRA Strike Mapa:40 X:25 Y:63
06/08/2004 10:14:00 p.m. /IRA A VER QUE ONDA Mapa:59 X:46 Y:33
06/08/2004 10:15:28 p.m. /IRA Elf Mapa:60 X:68 Y:43
06/08/2004 10:15:35 p.m. Transporto a Glaine hacia Mapa60 X:66 Y:44
06/08/2004 10:17:37 p.m. /IRA PIPI Mapa:34 X:26 Y:78
06/08/2004 10:17:41 p.m. Transporto a Glaine hacia Mapa34 X:26 Y:77
06/08/2004 10:19:34 p.m. Mensaje a Gms:venite
06/08/2004 10:22:14 p.m. /IRA Strike Mapa:24 X:26 Y:36
06/08/2004 10:23:42 p.m. Resucito a ESPECTRO
