19/07/2004 01:21:20 p.m. server iniciado 0.9.87
19/07/2004 01:21:24 p.m. server cerrado.
19/07/2004 01:23:27 p.m. server iniciado 0.9.87
19/07/2004 04:29:56 p.m. server cerrado.
19/07/2004 04:36:00 p.m. server iniciado 0.9.88
19/07/2004 09:59:15 p.m. server cerrado.
19/07/2004 10:03:32 p.m. server iniciado 0.9.90
19/07/2004 10:46:15 p.m. server cerrado.
22/07/2004 04:11:18 p.m. server iniciado 0.9.90
22/07/2004 10:24:27 p.m. server cerrado.
23/07/2004 01:31:54 p.m. server iniciado 0.9.90
23/07/2004 02:16:58 p.m. server cerrado.
29/07/2004 01:08:10 p.m. server iniciado 1.0.0
29/07/2004 01:19:11 p.m. server cerrado.
29/07/2004 01:21:42 p.m. server iniciado 1.0.0
29/07/2004 01:29:56 p.m. server cerrado.
29/07/2004 01:32:27 p.m. server iniciado 1.0.0
29/07/2004 01:50:31 p.m. server cerrado.
29/07/2004 01:52:24 p.m. server iniciado 1.0.0
29/07/2004 01:58:48 p.m. server iniciado 1.0.0
29/07/2004 02:01:02 p.m. server iniciado 1.0.0
29/07/2004 02:02:48 p.m. server cerrado.
29/07/2004 02:05:27 p.m. server cerrado.
29/07/2004 02:44:14 p.m. server iniciado 1.0.0
29/07/2004 07:43:41 p.m. server cerrado.
30/07/2004 03:30:55 p.m. server iniciado 1.0.0
30/07/2004 04:23:43 p.m. server cerrado.
03/08/2004 02:41:44 p.m. server iniciado 1.0.0
03/08/2004 02:57:40 p.m. server cerrado.
03/08/2004 03:02:24 p.m. server iniciado 1.0.0
03/08/2004 03:43:07 p.m. server iniciado 1.0.0
03/08/2004 05:47:09 p.m. server iniciado 1.0.0
03/08/2004 10:28:58 p.m. server cerrado.
04/08/2004 10:31:55 a.m. server iniciado 1.0.0
04/08/2004 10:46:02 a.m. server cerrado.
04/08/2004 11:49:41 a.m. server iniciado 1.0.0
04/08/2004 03:10:22 p.m. server cerrado.
04/08/2004 03:18:24 p.m. server iniciado 1.0.0
04/08/2004 09:51:11 p.m.tkv Borrado por Sicarul. 
04/08/2004 10:28:32 p.m. server cerrado.
05/08/2004 01:20:28 p.m. server iniciado 1.0.0
05/08/2004 01:59:57 p.m. server cerrado.
05/08/2004 02:06:47 p.m. server iniciado 1.0.0
05/08/2004 02:24:10 p.m. server iniciado 1.0.0
05/08/2004 03:08:53 p.m. server cerrado.
05/08/2004 03:10:36 p.m. server iniciado 1.0.0
05/08/2004 05:01:08 p.m. server cerrado.
05/08/2004 05:02:50 p.m. server iniciado 1.0.0
05/08/2004 07:29:28 p.m. server cerrado.
05/08/2004 08:22:34 p.m. server iniciado 1.0.0
05/08/2004 08:25:24 p.m. server cerrado.
05/08/2004 08:31:49 p.m. server iniciado 1.0.0
05/08/2004 10:44:53 p.m. server cerrado.
06/08/2004 12:36:56 p.m. server iniciado 1.0.0
06/08/2004 02:10:57 p.m. server cerrado.
06/08/2004 02:15:18 p.m. server iniciado 1.0.0
06/08/2004 02:46:08 p.m. server cerrado.
06/08/2004 02:48:06 p.m. server iniciado 1.0.0
06/08/2004 03:21:34 p.m. server cerrado.
06/08/2004 03:27:49 p.m. server iniciado 1.0.0
06/08/2004 04:33:54 p.m. server cerrado.
06/08/2004 04:35:35 p.m. server iniciado 1.0.0
06/08/2004 04:55:02 p.m. server cerrado.
06/08/2004 04:56:44 p.m. server iniciado 1.0.0
06/08/2004 05:05:30 p.m. server cerrado.
06/08/2004 05:07:22 p.m. server iniciado 1.0.0
06/08/2004 05:22:50 p.m. server cerrado.
06/08/2004 05:24:57 p.m. server iniciado 1.0.0
06/08/2004 08:34:59 p.m. server cerrado.
06/08/2004 08:37:21 p.m. server iniciado 1.0.0
06/08/2004 08:53:12 p.m. server cerrado.
06/08/2004 08:55:28 p.m. server iniciado 1.0.0
06/08/2004 10:45:33 p.m. server cerrado.
07/08/2004 12:41:19 p.m. server iniciado 1.0.0
07/08/2004 12:50:15 p.m. server cerrado.
07/08/2004 12:55:07 p.m. server iniciado 1.0.0
07/08/2004 01:08:17 p.m. server cerrado.
08/08/2004 08:25:07 p.m. server iniciado 1.0.0
08/08/2004 08:28:59 p.m. server cerrado.
08/08/2004 08:30:44 p.m. server iniciado 1.0.0
08/08/2004 08:33:55 p.m. server cerrado.
08/08/2004 08:35:26 p.m. server iniciado 1.0.0
08/08/2004 08:41:02 p.m. server cerrado.
08/08/2004 09:12:56 p.m. server iniciado 1.0.0
08/08/2004 09:37:13 p.m.carpo Borrado por Sicarul. 
08/08/2004 09:37:23 p.m.carpo Borrado por Sicarul. 
08/08/2004 09:51:04 p.m. server iniciado 1.0.0
08/08/2004 09:55:21 p.m. server cerrado.
08/08/2004 10:21:48 p.m. server iniciado 1.0.0
08/08/2004 10:39:27 p.m. server cerrado.
08/08/2004 10:41:57 p.m. server iniciado 1.1.0
08/08/2004 10:46:27 p.m. server cerrado.
