----------------------------------------------------------
22/07/2004 06:30:53 p.m. PaMe compro Banderbill Llave casa 5
----------------------------------------------------------
----------------------------------------------------------
22/07/2004 06:31:52 p.m. PaMe compro Llave Ullathorpe casa 1
----------------------------------------------------------
----------------------------------------------------------
22/07/2004 06:31:56 p.m. PaMe compro Llave Ullathorpe casa 2
----------------------------------------------------------
----------------------------------------------------------
22/07/2004 06:31:57 p.m. PaMe compro Llave Ullathorpe casa 3
----------------------------------------------------------
----------------------------------------------------------
22/07/2004 06:31:58 p.m. PaMe compro Llave Ullathorpe casa 4
----------------------------------------------------------
----------------------------------------------------------
23/07/2004 01:48:32 p.m. HYDMAN compro Banderbill Llave casa 4
----------------------------------------------------------
----------------------------------------------------------
06/08/2004 03:41:53 p.m. Guerrerito compro Llave Mansion Nix
----------------------------------------------------------
