22/07/2004 04:14:56 p.m. Se conecto con ip:127.0.0.1
22/07/2004 04:15:32 p.m. /IRA MAGOX Mapa:1 X:59 Y:46
22/07/2004 04:18:48 p.m. /SUM MAGOX Map:1 X:60 Y:48
22/07/2004 04:19:15 p.m. /MASSKILL
22/07/2004 04:19:23 p.m. /CT: 1 50 50
22/07/2004 04:19:26 p.m. /IRA BLACK Mapa:1 X:57 Y:52
22/07/2004 04:21:15 p.m. /SUM a Map:1 X:63 Y:54
22/07/2004 04:23:25 p.m. Transporto a Pumatar hacia Mapa34 X:72 Y:86
22/07/2004 04:23:39 p.m. /SUM BLACK Map:1 X:58 Y:45
22/07/2004 04:23:41 p.m. /SUM a Map:1 X:59 Y:45
22/07/2004 04:26:09 p.m. Sumoneo Esqueleto
22/07/2004 04:26:09 p.m. Sumoneo Esqueleto
22/07/2004 04:26:09 p.m. Sumoneo Esqueleto
22/07/2004 04:26:09 p.m. Sumoneo Esqueleto
22/07/2004 04:26:09 p.m. Sumoneo Esqueleto
22/07/2004 04:27:26 p.m. Transporto a Pumatar hacia Mapa34 X:46 Y:84
22/07/2004 04:27:26 p.m. Transporto a Pumatar hacia Mapa34 X:47 Y:79
22/07/2004 04:27:26 p.m. Transporto a Pumatar hacia Mapa34 X:47 Y:73
22/07/2004 04:27:26 p.m. Transporto a Pumatar hacia Mapa34 X:47 Y:67
22/07/2004 04:27:27 p.m. Transporto a Pumatar hacia Mapa34 X:48 Y:61
22/07/2004 04:27:27 p.m. Transporto a Pumatar hacia Mapa34 X:50 Y:55
22/07/2004 04:27:27 p.m. Transporto a Pumatar hacia Mapa34 X:52 Y:49
22/07/2004 04:27:28 p.m. Transporto a Pumatar hacia Mapa34 X:51 Y:44
22/07/2004 04:27:29 p.m. Transporto a Pumatar hacia Mapa34 X:53 Y:38
22/07/2004 04:27:29 p.m. Transporto a Pumatar hacia Mapa34 X:61 Y:33
22/07/2004 04:27:30 p.m. Transporto a Pumatar hacia Mapa34 X:65 Y:31
22/07/2004 04:27:30 p.m. Transporto a Pumatar hacia Mapa34 X:72 Y:30
22/07/2004 04:27:58 p.m. Transporto a Pumatar hacia Mapa34 X:67 Y:29
22/07/2004 04:27:58 p.m. Transporto a Pumatar hacia Mapa34 X:60 Y:29
22/07/2004 04:27:59 p.m. Transporto a Pumatar hacia Mapa34 X:65 Y:30
22/07/2004 04:28:10 p.m. Transporto a Pumatar hacia Mapa34 X:60 Y:31
22/07/2004 04:28:11 p.m. Transporto a Pumatar hacia Mapa34 X:55 Y:31
22/07/2004 04:28:11 p.m. Transporto a Pumatar hacia Mapa34 X:50 Y:31
22/07/2004 04:28:11 p.m. Transporto a Pumatar hacia Mapa34 X:45 Y:31
22/07/2004 04:28:12 p.m. Transporto a Pumatar hacia Mapa34 X:40 Y:31
22/07/2004 04:28:31 p.m. /IRA BLACK Mapa:1 X:73 Y:35
22/07/2004 04:28:35 p.m. Transporto a Pumatar hacia Mapa1 X:67 Y:40
22/07/2004 04:28:36 p.m. Transporto a Pumatar hacia Mapa1 X:63 Y:45
22/07/2004 04:28:36 p.m. Transporto a Pumatar hacia Mapa1 X:59 Y:46
22/07/2004 04:29:01 p.m. Tiro cantidad:1 Objeto:Ropa de enano
22/07/2004 04:29:09 p.m. Tiro cantidad:1 Objeto:Escudo Imperial
22/07/2004 04:29:13 p.m. Tiro cantidad:1 Objeto:Casco de hierro completo
22/07/2004 04:29:18 p.m. /MATA NPC SIN INICIAR
22/07/2004 04:29:20 p.m. /MATA NPC SIN INICIAR
22/07/2004 04:29:22 p.m. /MATA NPC SIN INICIAR
22/07/2004 04:29:24 p.m. /MATA NPC SIN INICIAR
22/07/2004 04:29:26 p.m. /MATA NPC SIN INICIAR
22/07/2004 04:29:28 p.m. Resucito a a
22/07/2004 04:29:32 p.m. Tiro cantidad:1 Objeto:Hacha de guerra dos filos
22/07/2004 04:29:36 p.m. Tiro cantidad:1 Objeto:Hacha de guerra dos filos
22/07/2004 04:29:44 p.m. /SUM MAGOX Map:1 X:60 Y:41
22/07/2004 04:29:55 p.m. Tiro cantidad:1 Objeto:Escudo Imperial
22/07/2004 04:30:02 p.m. Transporto a Pumatar hacia Mapa1 X:58 Y:42
22/07/2004 04:30:06 p.m. /SUM MAGOX Map:1 X:58 Y:44
22/07/2004 04:30:09 p.m. Resucito a MAGOX
22/07/2004 04:30:12 p.m. Resucito a MAGOX
22/07/2004 04:30:23 p.m. /MATA NPC SIN INICIAR
22/07/2004 04:30:27 p.m. /MATA NPC SIN INICIAR
22/07/2004 04:30:30 p.m. Resucito a MAGOX
22/07/2004 04:30:38 p.m. /MATA NPC SIN INICIAR
22/07/2004 04:30:41 p.m. /MATA NPC SIN INICIAR
22/07/2004 04:30:42 p.m. /MATA NPC SIN INICIAR
22/07/2004 04:30:44 p.m. Transporto a Pumatar hacia Mapa1 X:58 Y:46
22/07/2004 04:30:47 p.m. Tiro cantidad:1 Objeto:Escudo Imperial
22/07/2004 04:30:49 p.m. Tiro cantidad:1 Objeto:Casco de hierro completo
22/07/2004 04:30:52 p.m. Tiro cantidad:1 Objeto:Hacha de guerra dos filos
22/07/2004 04:30:56 p.m. Tiro cantidad:1 Objeto:Tunica de mago
22/07/2004 04:30:59 p.m. Tiro cantidad:1 Objeto:Hacha de guerra dos filos
22/07/2004 04:31:02 p.m. Tiro cantidad:1 Objeto:Escudo Imperial
22/07/2004 04:31:31 p.m. Tiro cantidad:1 Objeto:Armadura de placas completa
22/07/2004 04:32:43 p.m. Transporto a Pumatar hacia Mapa1 X:61 Y:46
22/07/2004 04:33:23 p.m. Tiro cantidad:1 Objeto:Ropa de enano
22/07/2004 04:33:26 p.m. Tiro cantidad:1 Objeto:Escudo Imperial
22/07/2004 04:33:31 p.m. Tiro cantidad:1 Objeto:Hacha de guerra dos filos
22/07/2004 04:33:36 p.m. Tiro cantidad:1 Objeto:Casco de hierro completo
22/07/2004 04:34:36 p.m. Tiro cantidad:10000 Objeto:Monedas de oro
22/07/2004 04:34:36 p.m. Tiro cantidad:10000 Objeto:Monedas de oro
22/07/2004 04:34:36 p.m. Tiro cantidad:10000 Objeto:Monedas de oro
22/07/2004 04:34:36 p.m. Tiro cantidad:10000 Objeto:Monedas de oro
22/07/2004 04:34:36 p.m. Tiro cantidad:10000 Objeto:Monedas de oro
22/07/2004 04:34:36 p.m. Tiro cantidad:10000 Objeto:Monedas de oro
22/07/2004 04:34:36 p.m. Tiro cantidad:10000 Objeto:Monedas de oro
22/07/2004 04:34:36 p.m. Tiro cantidad:10000 Objeto:Monedas de oro
22/07/2004 04:34:36 p.m. Tiro cantidad:10000 Objeto:Monedas de oro
22/07/2004 04:34:36 p.m. Tiro cantidad:10000 Objeto:Monedas de oro
22/07/2004 04:34:40 p.m. Tiro cantidad:10000 Objeto:Monedas de oro
22/07/2004 04:34:40 p.m. Tiro cantidad:10000 Objeto:Monedas de oro
22/07/2004 04:34:40 p.m. Tiro cantidad:10000 Objeto:Monedas de oro
22/07/2004 04:34:40 p.m. Tiro cantidad:10000 Objeto:Monedas de oro
22/07/2004 04:34:40 p.m. Tiro cantidad:10000 Objeto:Monedas de oro
22/07/2004 04:34:40 p.m. Tiro cantidad:10000 Objeto:Monedas de oro
22/07/2004 04:34:40 p.m. Tiro cantidad:10000 Objeto:Monedas de oro
22/07/2004 04:34:40 p.m. Tiro cantidad:10000 Objeto:Monedas de oro
22/07/2004 04:34:40 p.m. Tiro cantidad:10000 Objeto:Monedas de oro
22/07/2004 04:34:40 p.m. Tiro cantidad:10000 Objeto:Monedas de oro
22/07/2004 04:34:43 p.m. Tiro cantidad:10000 Objeto:Monedas de oro
22/07/2004 04:34:43 p.m. Tiro cantidad:10000 Objeto:Monedas de oro
22/07/2004 04:34:43 p.m. Tiro cantidad:10000 Objeto:Monedas de oro
22/07/2004 04:34:43 p.m. Tiro cantidad:10000 Objeto:Monedas de oro
22/07/2004 04:34:43 p.m. Tiro cantidad:10000 Objeto:Monedas de oro
22/07/2004 04:34:43 p.m. Tiro cantidad:10000 Objeto:Monedas de oro
22/07/2004 04:34:43 p.m. Tiro cantidad:10000 Objeto:Monedas de oro
22/07/2004 04:34:43 p.m. Tiro cantidad:10000 Objeto:Monedas de oro
22/07/2004 04:34:43 p.m. Tiro cantidad:10000 Objeto:Monedas de oro
22/07/2004 04:34:43 p.m. Tiro cantidad:10000 Objeto:Monedas de oro
22/07/2004 04:35:54 p.m. /SUM RATA Map:1 X:56 Y:45
22/07/2004 04:37:41 p.m. Tiro cantidad:10000 Objeto:Monedas de oro
22/07/2004 04:37:41 p.m. Tiro cantidad:10000 Objeto:Monedas de oro
22/07/2004 04:37:41 p.m. Tiro cantidad:10000 Objeto:Monedas de oro
22/07/2004 04:37:41 p.m. Tiro cantidad:10000 Objeto:Monedas de oro
22/07/2004 04:37:41 p.m. Tiro cantidad:10000 Objeto:Monedas de oro
22/07/2004 04:37:41 p.m. Tiro cantidad:10000 Objeto:Monedas de oro
22/07/2004 04:37:41 p.m. Tiro cantidad:10000 Objeto:Monedas de oro
22/07/2004 04:37:41 p.m. Tiro cantidad:10000 Objeto:Monedas de oro
22/07/2004 04:37:41 p.m. Tiro cantidad:10000 Objeto:Monedas de oro
22/07/2004 04:37:41 p.m. Tiro cantidad:10000 Objeto:Monedas de oro
22/07/2004 04:38:02 p.m. /SUM a Map:1 X:57 Y:47
22/07/2004 04:38:12 p.m. Resucito a a
22/07/2004 04:38:16 p.m. Tiro cantidad:1 Objeto:Escudo Imperial
22/07/2004 04:38:21 p.m. Tiro cantidad:1 Objeto:Casco de hierro completo
22/07/2004 04:38:23 p.m. Tiro cantidad:1 Objeto:Casco de hierro completo
22/07/2004 04:38:25 p.m. Tiro cantidad:1 Objeto:Casco de hierro completo
22/07/2004 04:38:28 p.m. Tiro cantidad:1 Objeto:Casco de hierro completo
22/07/2004 04:38:33 p.m. Tiro cantidad:1 Objeto:Escudo Imperial
22/07/2004 04:38:42 p.m. Transporto a Pumatar hacia Mapa1 X:50 Y:50
22/07/2004 04:38:43 p.m. Transporto a Pumatar hacia Mapa1 X:48 Y:54
22/07/2004 04:38:43 p.m. Transporto a Pumatar hacia Mapa1 X:47 Y:59
22/07/2004 04:38:43 p.m. Transporto a Pumatar hacia Mapa1 X:48 Y:64
22/07/2004 04:38:44 p.m. Transporto a Pumatar hacia Mapa1 X:51 Y:70
22/07/2004 04:38:44 p.m. Transporto a Pumatar hacia Mapa1 X:54 Y:76
22/07/2004 04:38:44 p.m. Transporto a Pumatar hacia Mapa1 X:56 Y:82
22/07/2004 04:38:44 p.m. Transporto a Pumatar hacia Mapa1 X:56 Y:87
22/07/2004 04:38:44 p.m. Transporto a Pumatar hacia Mapa1 X:55 Y:92
22/07/2004 04:38:47 p.m. Transporto a Pumatar hacia Mapa2 X:53 Y:14
22/07/2004 04:38:53 p.m. /SUM PaMe Map:2 X:50 Y:14
22/07/2004 04:38:55 p.m. /SUM RASTAMAN Map:2 X:50 Y:14
22/07/2004 04:39:13 p.m. /SUM a Map:2 X:53 Y:14
22/07/2004 04:39:18 p.m. /SUM PaMe Map:2 X:53 Y:14
22/07/2004 04:39:23 p.m. /SUM RATA Map:2 X:53 Y:14
22/07/2004 04:39:41 p.m. Transporto a Pumatar hacia Mapa2 X:53 Y:20
22/07/2004 04:39:44 p.m. Tiro cantidad:1 Objeto:Hacha de guerra dos filos
22/07/2004 04:39:45 p.m. Agarro:1 Objeto:Hacha de guerra dos filos
22/07/2004 04:39:59 p.m. Transporto a Pumatar hacia Mapa2 X:55 Y:19
22/07/2004 04:40:03 p.m. Transporto a Pumatar hacia Mapa2 X:55 Y:19
22/07/2004 04:40:07 p.m. /BLOQ
22/07/2004 04:40:09 p.m. Transporto a Pumatar hacia Mapa2 X:55 Y:20
22/07/2004 04:40:39 p.m. Tiro cantidad:10000 Objeto:Monedas de oro
22/07/2004 04:40:39 p.m. Tiro cantidad:10000 Objeto:Monedas de oro
22/07/2004 04:40:39 p.m. Tiro cantidad:10000 Objeto:Monedas de oro
22/07/2004 04:40:39 p.m. Tiro cantidad:10000 Objeto:Monedas de oro
22/07/2004 04:40:39 p.m. Tiro cantidad:10000 Objeto:Monedas de oro
22/07/2004 04:40:39 p.m. Tiro cantidad:10000 Objeto:Monedas de oro
22/07/2004 04:40:39 p.m. Tiro cantidad:10000 Objeto:Monedas de oro
22/07/2004 04:40:39 p.m. Tiro cantidad:10000 Objeto:Monedas de oro
22/07/2004 04:40:39 p.m. Tiro cantidad:10000 Objeto:Monedas de oro
22/07/2004 04:40:39 p.m. Tiro cantidad:10000 Objeto:Monedas de oro
22/07/2004 04:40:42 p.m. Tiro cantidad:10000 Objeto:Monedas de oro
22/07/2004 04:40:42 p.m. Tiro cantidad:10000 Objeto:Monedas de oro
22/07/2004 04:40:42 p.m. Tiro cantidad:10000 Objeto:Monedas de oro
22/07/2004 04:40:42 p.m. Tiro cantidad:10000 Objeto:Monedas de oro
22/07/2004 04:40:42 p.m. Tiro cantidad:10000 Objeto:Monedas de oro
22/07/2004 04:40:42 p.m. Tiro cantidad:10000 Objeto:Monedas de oro
22/07/2004 04:40:42 p.m. Tiro cantidad:10000 Objeto:Monedas de oro
22/07/2004 04:40:42 p.m. Tiro cantidad:10000 Objeto:Monedas de oro
22/07/2004 04:40:42 p.m. Tiro cantidad:10000 Objeto:Monedas de oro
22/07/2004 04:40:42 p.m. Tiro cantidad:10000 Objeto:Monedas de oro
22/07/2004 04:40:49 p.m. /SUM RATA Map:2 X:59 Y:23
22/07/2004 04:40:53 p.m. /SUM RATA Map:2 X:59 Y:23
22/07/2004 04:40:56 p.m. Transporto a Pumatar hacia Mapa2 X:59 Y:18
22/07/2004 04:41:08 p.m. Se conecto con ip:127.0.0.1
22/07/2004 04:41:09 p.m. Transporto a Pumatar hacia Mapa1 X:56 Y:87
22/07/2004 04:41:09 p.m. Transporto a Pumatar hacia Mapa1 X:54 Y:81
22/07/2004 04:41:09 p.m. Transporto a Pumatar hacia Mapa1 X:53 Y:75
22/07/2004 04:41:09 p.m. Transporto a Pumatar hacia Mapa1 X:53 Y:69
22/07/2004 04:41:09 p.m. Transporto a Pumatar hacia Mapa1 X:54 Y:63
22/07/2004 04:41:10 p.m. Transporto a Pumatar hacia Mapa1 X:56 Y:57
22/07/2004 04:41:25 p.m. /SUM RATA Map:1 X:57 Y:48
22/07/2004 04:41:29 p.m. /SUM RASTAMAN Map:1 X:57 Y:48
22/07/2004 04:41:32 p.m. /SUM PaMe Map:1 X:57 Y:48
22/07/2004 04:42:38 p.m. Transporto a Pumatar hacia Mapa1 X:63 Y:54
22/07/2004 04:42:38 p.m. Transporto a Pumatar hacia Mapa1 X:64 Y:59
22/07/2004 04:43:06 p.m. Transporto a Pumatar hacia Mapa1 X:73 Y:33
22/07/2004 04:43:09 p.m. /SUM RASTAMAN Map:1 X:73 Y:33
22/07/2004 04:43:18 p.m. Tiro cantidad:1 Objeto:Tunica de mago
22/07/2004 04:43:34 p.m. Transporto a Pumatar hacia Mapa1 X:67 Y:35
22/07/2004 04:44:42 p.m. Transporto a Pumatar hacia Mapa34 X:47 Y:82
22/07/2004 04:44:43 p.m. Transporto a Pumatar hacia Mapa34 X:49 Y:76
22/07/2004 04:44:43 p.m. Transporto a Pumatar hacia Mapa34 X:51 Y:70
22/07/2004 04:44:44 p.m. Transporto a Pumatar hacia Mapa34 X:53 Y:64
22/07/2004 04:44:45 p.m. Transporto a Pumatar hacia Mapa34 X:60 Y:59
22/07/2004 04:44:46 p.m. Transporto a Pumatar hacia Mapa34 X:66 Y:58
22/07/2004 04:44:46 p.m. Transporto a Pumatar hacia Mapa34 X:72 Y:55
22/07/2004 04:44:47 p.m. Transporto a Pumatar hacia Mapa34 X:75 Y:50
22/07/2004 04:44:47 p.m. Transporto a Pumatar hacia Mapa34 X:76 Y:44
22/07/2004 04:44:48 p.m. Transporto a Pumatar hacia Mapa34 X:71 Y:44
22/07/2004 04:44:49 p.m. Transporto a Pumatar hacia Mapa34 X:65 Y:43
22/07/2004 04:44:49 p.m. Transporto a Pumatar hacia Mapa34 X:59 Y:42
22/07/2004 04:44:49 p.m. Transporto a Pumatar hacia Mapa34 X:61 Y:36
22/07/2004 04:44:50 p.m. Transporto a Pumatar hacia Mapa34 X:66 Y:31
22/07/2004 04:44:50 p.m. Transporto a Pumatar hacia Mapa34 X:71 Y:31
22/07/2004 04:44:51 p.m. Transporto a Pumatar hacia Mapa34 X:75 Y:31
22/07/2004 04:44:52 p.m. /SUM RASTAMANDITA Map:34 X:75 Y:31
22/07/2004 04:44:59 p.m. Tiro cantidad:1 Objeto:Armadura de placas completa
22/07/2004 04:45:06 p.m. Transporto a Pumatar hacia Mapa34 X:72 Y:31
22/07/2004 04:45:10 p.m. Tiro cantidad:1 Objeto:Escudo Imperial
22/07/2004 04:45:11 p.m. Transporto a Pumatar hacia Mapa34 X:76 Y:31
22/07/2004 04:45:13 p.m. Tiro cantidad:1 Objeto:Hacha de guerra dos filos
22/07/2004 04:45:14 p.m. Transporto a Pumatar hacia Mapa34 X:73 Y:31
22/07/2004 04:45:16 p.m. Tiro cantidad:1 Objeto:Casco de hierro completo
22/07/2004 04:45:17 p.m. Transporto a Pumatar hacia Mapa34 X:76 Y:31
22/07/2004 04:47:23 p.m. /IRA RASTAMANDITA Mapa:1 X:62 Y:45
22/07/2004 04:51:52 p.m. Se conecto con ip:127.0.0.1
22/07/2004 04:52:23 p.m. /IRA RASTAMANDITA Mapa:34 X:66 Y:75
22/07/2004 04:53:07 p.m. /SUM RASTAMANDITA Map:59 X:50 Y:50
22/07/2004 04:54:01 p.m. Transporto a Pumatar hacia Mapa59 X:56 Y:12
22/07/2004 04:54:02 p.m. Transporto a Pumatar hacia Mapa59 X:55 Y:7
22/07/2004 04:54:12 p.m. Transporto a Pumatar hacia Mapa60 X:58 Y:68
22/07/2004 04:54:12 p.m. Transporto a Pumatar hacia Mapa60 X:61 Y:62
22/07/2004 04:54:12 p.m. Transporto a Pumatar hacia Mapa60 X:63 Y:56
22/07/2004 04:54:13 p.m. Transporto a Pumatar hacia Mapa60 X:65 Y:50
22/07/2004 04:54:13 p.m. Transporto a Pumatar hacia Mapa60 X:66 Y:44
22/07/2004 04:54:13 p.m. Transporto a Pumatar hacia Mapa60 X:67 Y:38
22/07/2004 04:54:14 p.m. Transporto a Pumatar hacia Mapa60 X:68 Y:32
22/07/2004 04:54:14 p.m. Transporto a Pumatar hacia Mapa60 X:73 Y:29
22/07/2004 04:54:15 p.m. Transporto a Pumatar hacia Mapa60 X:78 Y:24
22/07/2004 04:54:15 p.m. Transporto a Pumatar hacia Mapa60 X:79 Y:19
22/07/2004 04:54:15 p.m. Transporto a Pumatar hacia Mapa60 X:79 Y:14
22/07/2004 04:55:09 p.m. Se conecto con ip:127.0.0.1
22/07/2004 04:55:17 p.m. /IRA Sicarul Mapa:1 X:59 Y:50
22/07/2004 04:55:35 p.m. /MATA NPC SIN INICIAR
22/07/2004 05:00:18 p.m. Tiro cantidad:1 Objeto:Ropa de enano
22/07/2004 05:00:35 p.m. Tiro cantidad:10000 Objeto:Monedas de oro
22/07/2004 05:00:53 p.m. Tiro cantidad:10000 Objeto:Monedas de oro
22/07/2004 05:00:53 p.m. Tiro cantidad:10000 Objeto:Monedas de oro
22/07/2004 05:00:53 p.m. Tiro cantidad:10000 Objeto:Monedas de oro
22/07/2004 05:00:53 p.m. Tiro cantidad:10000 Objeto:Monedas de oro
22/07/2004 05:00:53 p.m. Tiro cantidad:10000 Objeto:Monedas de oro
22/07/2004 05:00:53 p.m. Tiro cantidad:10000 Objeto:Monedas de oro
22/07/2004 05:00:53 p.m. Tiro cantidad:10000 Objeto:Monedas de oro
22/07/2004 05:00:53 p.m. Tiro cantidad:10000 Objeto:Monedas de oro
22/07/2004 05:00:53 p.m. Tiro cantidad:10000 Objeto:Monedas de oro
22/07/2004 05:00:53 p.m. Tiro cantidad:10000 Objeto:Monedas de oro
22/07/2004 05:00:57 p.m. Tiro cantidad:10000 Objeto:Monedas de oro
22/07/2004 05:00:57 p.m. Tiro cantidad:10000 Objeto:Monedas de oro
22/07/2004 05:00:57 p.m. Tiro cantidad:10000 Objeto:Monedas de oro
22/07/2004 05:00:57 p.m. Tiro cantidad:10000 Objeto:Monedas de oro
22/07/2004 05:00:57 p.m. Tiro cantidad:10000 Objeto:Monedas de oro
22/07/2004 05:00:57 p.m. Tiro cantidad:10000 Objeto:Monedas de oro
22/07/2004 05:00:57 p.m. Tiro cantidad:10000 Objeto:Monedas de oro
22/07/2004 05:00:57 p.m. Tiro cantidad:10000 Objeto:Monedas de oro
22/07/2004 05:00:57 p.m. Tiro cantidad:10000 Objeto:Monedas de oro
22/07/2004 05:00:57 p.m. Tiro cantidad:10000 Objeto:Monedas de oro
22/07/2004 05:02:16 p.m. /MATA NPC SIN INICIAR
22/07/2004 05:02:33 p.m. Transporto a Pumatar hacia Mapa1 X:57 Y:46
22/07/2004 05:02:38 p.m. /MATA NPC SIN INICIAR
22/07/2004 05:02:39 p.m. Transporto a Pumatar hacia Mapa1 X:58 Y:43
22/07/2004 05:03:14 p.m. Transporto a Pumatar hacia Mapa1 X:58 Y:45
22/07/2004 05:03:39 p.m. Transporto a Pumatar hacia Mapa1 X:58 Y:47
22/07/2004 05:04:44 p.m. Transporto a Pumatar hacia Mapa1 X:61 Y:49
22/07/2004 05:04:44 p.m. Agarro:1 Objeto:Armadura de Guerrero Real (E/G)
22/07/2004 05:04:58 p.m. Transporto a Pumatar hacia Mapa1 X:59 Y:50
22/07/2004 05:04:59 p.m. Tiro cantidad:1 Objeto:Armadura de Guerrero Real (E/G)
22/07/2004 05:04:59 p.m. Transporto a Pumatar hacia Mapa1 X:61 Y:51
22/07/2004 05:06:14 p.m. Transporto a Pumatar hacia Mapa1 X:64 Y:52
22/07/2004 05:06:38 p.m. Agarro:1 Objeto:Oro
22/07/2004 05:06:38 p.m. Agarro:1 Objeto:Plata
22/07/2004 05:06:38 p.m. Agarro:1 Objeto:Oro
22/07/2004 05:06:38 p.m. Agarro:1 Objeto:Oro
22/07/2004 05:06:39 p.m. Agarro:1 Objeto:Oro
22/07/2004 05:06:39 p.m. Agarro:1 Objeto:Oro
22/07/2004 05:06:39 p.m. Agarro:1 Objeto:Oro
22/07/2004 05:06:40 p.m. Agarro:1 Objeto:Oro
22/07/2004 05:06:40 p.m. Agarro:1 Objeto:Oro
22/07/2004 05:19:10 p.m. Se conecto con ip:127.0.0.1
22/07/2004 05:19:20 p.m. /IRA PAMELITA Mapa:37 X:22 Y:43
22/07/2004 05:19:31 p.m. Tiro cantidad:10 Objeto:Vestimentas comunes
22/07/2004 05:19:35 p.m. Tiro cantidad:20 Objeto:Espada larga
22/07/2004 05:19:37 p.m. Agarro:20 Objeto:Espada larga
22/07/2004 05:19:37 p.m. Agarro:10 Objeto:Vestimentas comunes
22/07/2004 06:13:21 p.m. Se conecto con ip:127.0.0.1
22/07/2004 06:13:39 p.m. /IRA rastamandita Mapa:1 X:78 Y:76
22/07/2004 06:30:47 p.m. Se conecto con ip:127.0.0.1
22/07/2004 06:31:07 p.m. /IRA PaMe Mapa:59 X:65 Y:35
22/07/2004 06:31:31 p.m. /IRA PaMe Mapa:1 X:57 Y:52
22/07/2004 06:46:52 p.m. Se conecto con ip:192.168.0.139
22/07/2004 06:47:45 p.m. /SUM GLAINE Map:1 X:62 Y:58
22/07/2004 06:51:31 p.m. Tiro cantidad:1 Objeto:Armadura de placas completa
22/07/2004 06:51:39 p.m. Tiro cantidad:1 Objeto:Escudo Imperial
22/07/2004 06:51:43 p.m. Tiro cantidad:1 Objeto:Casco de hierro completo
22/07/2004 06:51:49 p.m. Tiro cantidad:1 Objeto:Hacha de guerra dos filos
22/07/2004 06:57:37 p.m. Se conecto con ip:127.0.0.1
22/07/2004 06:57:44 p.m. Transporto a Pumatar hacia Mapa1 X:56 Y:53
22/07/2004 06:57:45 p.m. Transporto a Pumatar hacia Mapa1 X:56 Y:50
22/07/2004 06:57:48 p.m. Transporto a Pumatar hacia Mapa139 X:54 Y:52
22/07/2004 06:57:50 p.m. Transporto a Pumatar hacia Mapa140 X:54 Y:90
22/07/2004 07:01:50 p.m. Se conecto con ip:127.0.0.1
23/07/2004 01:33:55 p.m. Se conecto con ip:127.0.0.1
23/07/2004 01:34:14 p.m. Transporto a Pumatar hacia Mapa1 X:50 Y:50
23/07/2004 01:35:07 p.m. Transporto a Pumatar hacia Mapa1 X:63 Y:41
23/07/2004 01:35:10 p.m. /SUM SHADOW Map:1 X:62 Y:43
23/07/2004 01:36:05 p.m. Tiro cantidad:10000 Objeto:Monedas de oro
23/07/2004 01:36:05 p.m. Tiro cantidad:10000 Objeto:Monedas de oro
23/07/2004 01:36:05 p.m. Tiro cantidad:10000 Objeto:Monedas de oro
23/07/2004 01:36:05 p.m. Tiro cantidad:10000 Objeto:Monedas de oro
23/07/2004 01:36:05 p.m. Tiro cantidad:10000 Objeto:Monedas de oro
23/07/2004 01:36:05 p.m. Tiro cantidad:10000 Objeto:Monedas de oro
23/07/2004 01:36:05 p.m. Tiro cantidad:10000 Objeto:Monedas de oro
23/07/2004 01:36:05 p.m. Tiro cantidad:10000 Objeto:Monedas de oro
23/07/2004 01:36:05 p.m. Tiro cantidad:10000 Objeto:Monedas de oro
23/07/2004 01:36:05 p.m. Tiro cantidad:10000 Objeto:Monedas de oro
23/07/2004 01:36:22 p.m. /SUM HYDMAN Map:1 X:59 Y:46
23/07/2004 01:36:49 p.m. Tiro cantidad:10000 Objeto:Monedas de oro
23/07/2004 01:36:49 p.m. Tiro cantidad:10000 Objeto:Monedas de oro
23/07/2004 01:36:49 p.m. Tiro cantidad:10000 Objeto:Monedas de oro
23/07/2004 01:36:49 p.m. Tiro cantidad:10000 Objeto:Monedas de oro
23/07/2004 01:36:49 p.m. Tiro cantidad:10000 Objeto:Monedas de oro
23/07/2004 01:36:49 p.m. Tiro cantidad:10000 Objeto:Monedas de oro
23/07/2004 01:36:49 p.m. Tiro cantidad:10000 Objeto:Monedas de oro
23/07/2004 01:36:50 p.m. Tiro cantidad:10000 Objeto:Monedas de oro
23/07/2004 01:36:50 p.m. Tiro cantidad:10000 Objeto:Monedas de oro
23/07/2004 01:36:50 p.m. Tiro cantidad:10000 Objeto:Monedas de oro
23/07/2004 01:37:04 p.m. Tiro cantidad:10000 Objeto:Monedas de oro
23/07/2004 01:37:04 p.m. Tiro cantidad:10000 Objeto:Monedas de oro
23/07/2004 01:37:04 p.m. Tiro cantidad:10000 Objeto:Monedas de oro
23/07/2004 01:37:04 p.m. Tiro cantidad:10000 Objeto:Monedas de oro
23/07/2004 01:37:04 p.m. Tiro cantidad:10000 Objeto:Monedas de oro
23/07/2004 01:37:04 p.m. Tiro cantidad:10000 Objeto:Monedas de oro
23/07/2004 01:37:04 p.m. Tiro cantidad:10000 Objeto:Monedas de oro
23/07/2004 01:37:04 p.m. Tiro cantidad:10000 Objeto:Monedas de oro
23/07/2004 01:37:04 p.m. Tiro cantidad:10000 Objeto:Monedas de oro
23/07/2004 01:37:04 p.m. Tiro cantidad:10000 Objeto:Monedas de oro
23/07/2004 01:37:48 p.m. Sumoneo Araña gigante
23/07/2004 01:37:48 p.m. Sumoneo Araña gigante
23/07/2004 01:37:49 p.m. Sumoneo Araña gigante
23/07/2004 01:38:02 p.m. Resucito a SHADOW
23/07/2004 01:38:16 p.m. /MATA NPC SIN INICIAR
23/07/2004 01:38:18 p.m. /MATA NPC SIN INICIAR
23/07/2004 01:38:20 p.m. /MATA NPC SIN INICIAR
23/07/2004 01:38:24 p.m. /IRA HYDMAN Mapa:1 X:34 Y:60
23/07/2004 01:38:26 p.m. /SUM GIGY Map:1 X:34 Y:61
23/07/2004 01:38:28 p.m. Transporto a Pumatar hacia Mapa1 X:36 Y:58
23/07/2004 01:38:30 p.m. /SUM GIGY Map:1 X:36 Y:58
23/07/2004 01:38:45 p.m. /IRA GIGY Mapa:37 X:73 Y:86
23/07/2004 01:39:03 p.m. Transporto a Pumatar hacia Mapa37 X:34 Y:85
23/07/2004 01:39:03 p.m. Tiro cantidad:1 Objeto:Espada larga
23/07/2004 01:39:27 p.m. Transporto a Pumatar hacia Mapa37 X:29 Y:25
23/07/2004 01:39:34 p.m. Transporto a Pumatar hacia Mapa37 X:29 Y:24
23/07/2004 01:39:42 p.m. Resucito a HYDMAN
23/07/2004 01:39:49 p.m. Sumoneo Murcielago
23/07/2004 01:39:49 p.m. Sumoneo Murcielago
23/07/2004 01:39:49 p.m. Sumoneo Murcielago
23/07/2004 01:40:39 p.m. Transporto a Pumatar hacia Mapa37 X:27 Y:24
23/07/2004 01:40:43 p.m. Sumoneo Murcielago
23/07/2004 01:40:43 p.m. Sumoneo Murcielago
23/07/2004 01:40:44 p.m. Sumoneo Murcielago
23/07/2004 01:40:44 p.m. Sumoneo Murcielago
23/07/2004 01:40:44 p.m. Sumoneo Murcielago
23/07/2004 01:40:44 p.m. Sumoneo Murcielago
23/07/2004 01:40:44 p.m. Sumoneo Murcielago
23/07/2004 01:40:45 p.m. Sumoneo Murcielago
23/07/2004 01:40:45 p.m. Sumoneo Murcielago
23/07/2004 01:40:45 p.m. Sumoneo Murcielago
23/07/2004 01:40:46 p.m. Sumoneo Murcielago
23/07/2004 01:40:46 p.m. Sumoneo Murcielago
23/07/2004 01:40:46 p.m. Sumoneo Murcielago
23/07/2004 01:40:47 p.m. Transporto a Pumatar hacia Mapa37 X:32 Y:25
23/07/2004 01:42:15 p.m. Tiro cantidad:10000 Objeto:Monedas de oro
23/07/2004 01:42:15 p.m. Tiro cantidad:10000 Objeto:Monedas de oro
23/07/2004 01:42:15 p.m. Tiro cantidad:10000 Objeto:Monedas de oro
23/07/2004 01:42:15 p.m. Tiro cantidad:10000 Objeto:Monedas de oro
23/07/2004 01:42:15 p.m. Tiro cantidad:10000 Objeto:Monedas de oro
23/07/2004 01:42:15 p.m. Tiro cantidad:10000 Objeto:Monedas de oro
23/07/2004 01:42:15 p.m. Tiro cantidad:10000 Objeto:Monedas de oro
23/07/2004 01:42:15 p.m. Tiro cantidad:10000 Objeto:Monedas de oro
23/07/2004 01:42:15 p.m. Tiro cantidad:10000 Objeto:Monedas de oro
23/07/2004 01:42:15 p.m. Tiro cantidad:10000 Objeto:Monedas de oro
23/07/2004 01:42:18 p.m. Tiro cantidad:10000 Objeto:Monedas de oro
23/07/2004 01:42:18 p.m. Tiro cantidad:10000 Objeto:Monedas de oro
23/07/2004 01:42:18 p.m. Tiro cantidad:10000 Objeto:Monedas de oro
23/07/2004 01:42:18 p.m. Tiro cantidad:10000 Objeto:Monedas de oro
23/07/2004 01:42:18 p.m. Tiro cantidad:10000 Objeto:Monedas de oro
23/07/2004 01:42:18 p.m. Tiro cantidad:10000 Objeto:Monedas de oro
23/07/2004 01:42:18 p.m. Tiro cantidad:10000 Objeto:Monedas de oro
23/07/2004 01:42:18 p.m. Tiro cantidad:10000 Objeto:Monedas de oro
23/07/2004 01:42:18 p.m. Tiro cantidad:10000 Objeto:Monedas de oro
23/07/2004 01:42:18 p.m. Tiro cantidad:10000 Objeto:Monedas de oro
23/07/2004 01:42:21 p.m. Tiro cantidad:10000 Objeto:Monedas de oro
23/07/2004 01:42:21 p.m. Tiro cantidad:10000 Objeto:Monedas de oro
23/07/2004 01:42:21 p.m. Tiro cantidad:10000 Objeto:Monedas de oro
23/07/2004 01:42:21 p.m. Tiro cantidad:10000 Objeto:Monedas de oro
23/07/2004 01:42:21 p.m. Tiro cantidad:10000 Objeto:Monedas de oro
23/07/2004 01:42:21 p.m. Tiro cantidad:10000 Objeto:Monedas de oro
23/07/2004 01:42:21 p.m. Tiro cantidad:10000 Objeto:Monedas de oro
23/07/2004 01:42:21 p.m. Tiro cantidad:10000 Objeto:Monedas de oro
23/07/2004 01:42:21 p.m. Tiro cantidad:10000 Objeto:Monedas de oro
23/07/2004 01:42:21 p.m. Tiro cantidad:10000 Objeto:Monedas de oro
23/07/2004 01:43:17 p.m. /SUM PALADAX Map:59 X:45 Y:51
23/07/2004 01:43:35 p.m. Transporto a Pumatar hacia Mapa59 X:46 Y:56
23/07/2004 01:43:35 p.m. Transporto a Pumatar hacia Mapa59 X:45 Y:62
23/07/2004 01:43:35 p.m. Transporto a Pumatar hacia Mapa59 X:45 Y:68
23/07/2004 01:43:57 p.m. /IRA PALADAX Mapa:139 X:50 Y:54
23/07/2004 01:44:01 p.m. /MASSKILL
23/07/2004 01:44:04 p.m. /CT: 1 50 50
23/07/2004 01:44:10 p.m. Resucito a PALADAX
23/07/2004 01:45:09 p.m. /IRA GIGY Mapa:59 X:44 Y:74
23/07/2004 01:45:21 p.m. Agarro:1 Objeto:Armadura de placas completa enanos
23/07/2004 01:47:09 p.m. Tiro cantidad:1 Objeto:Armadura de placas completa enanos
23/07/2004 01:47:23 p.m. /IRA HYDMAN Mapa:59 X:27 Y:83
23/07/2004 01:47:42 p.m. /IRA PALADAX Mapa:37 X:30 Y:24
23/07/2004 01:48:01 p.m. Sumoneo Murcielago
23/07/2004 01:48:34 p.m. /IRA GIGY Mapa:59 X:47 Y:43
23/07/2004 01:48:52 p.m. /IRA PALADAX Mapa:37 X:34 Y:18
23/07/2004 01:48:57 p.m. /IRA HYDMAN Mapa:59 X:88 Y:54
23/07/2004 01:49:07 p.m. Transporto a Pumatar hacia Mapa59 X:84 Y:52
23/07/2004 01:49:58 p.m. Transporto a Pumatar hacia Mapa1 X:50 Y:50
23/07/2004 01:49:59 p.m. Transporto a Pumatar hacia Mapa1 X:51 Y:54
23/07/2004 01:49:59 p.m. Transporto a Pumatar hacia Mapa1 X:53 Y:59
23/07/2004 01:49:59 p.m. Transporto a Pumatar hacia Mapa1 X:55 Y:64
23/07/2004 01:49:59 p.m. Transporto a Pumatar hacia Mapa1 X:56 Y:69
23/07/2004 01:49:59 p.m. Transporto a Pumatar hacia Mapa1 X:57 Y:74
23/07/2004 01:49:59 p.m. Transporto a Pumatar hacia Mapa1 X:56 Y:79
23/07/2004 01:50:00 p.m. Transporto a Pumatar hacia Mapa1 X:55 Y:84
23/07/2004 01:50:00 p.m. Transporto a Pumatar hacia Mapa1 X:53 Y:89
23/07/2004 01:50:01 p.m. Transporto a Pumatar hacia Mapa1 X:52 Y:94
23/07/2004 01:50:01 p.m. Transporto a Pumatar hacia Mapa2 X:52 Y:13
23/07/2004 01:50:01 p.m. Transporto a Pumatar hacia Mapa2 X:52 Y:13
23/07/2004 01:50:02 p.m. Transporto a Pumatar hacia Mapa2 X:52 Y:19
23/07/2004 01:50:02 p.m. Transporto a Pumatar hacia Mapa2 X:50 Y:24
23/07/2004 01:50:03 p.m. Transporto a Pumatar hacia Mapa2 X:49 Y:29
23/07/2004 01:50:03 p.m. Transporto a Pumatar hacia Mapa2 X:46 Y:34
23/07/2004 01:50:03 p.m. Transporto a Pumatar hacia Mapa2 X:43 Y:39
23/07/2004 01:50:04 p.m. Transporto a Pumatar hacia Mapa2 X:38 Y:39
23/07/2004 01:50:04 p.m. Transporto a Pumatar hacia Mapa2 X:32 Y:36
23/07/2004 01:50:04 p.m. Transporto a Pumatar hacia Mapa2 X:26 Y:32
23/07/2004 01:50:04 p.m. Transporto a Pumatar hacia Mapa2 X:21 Y:28
23/07/2004 01:50:04 p.m. Transporto a Pumatar hacia Mapa2 X:16 Y:23
23/07/2004 01:50:04 p.m. Transporto a Pumatar hacia Mapa2 X:12 Y:18
23/07/2004 01:50:05 p.m. Transporto a Pumatar hacia Mapa2 X:11 Y:16
23/07/2004 01:50:05 p.m. Transporto a Pumatar hacia Mapa2 X:10 Y:13
23/07/2004 01:50:06 p.m. Transporto a Pumatar hacia Mapa2 X:9 Y:11
23/07/2004 01:50:07 p.m. Transporto a Pumatar hacia Mapa39 X:88 Y:9
23/07/2004 01:50:07 p.m. Transporto a Pumatar hacia Mapa39 X:88 Y:9
23/07/2004 01:50:07 p.m. Transporto a Pumatar hacia Mapa39 X:88 Y:9
23/07/2004 01:50:07 p.m. Transporto a Pumatar hacia Mapa39 X:86 Y:10
23/07/2004 01:50:08 p.m. Transporto a Pumatar hacia Mapa39 X:83 Y:10
23/07/2004 01:50:08 p.m. Transporto a Pumatar hacia Mapa39 X:81 Y:11
23/07/2004 01:50:08 p.m. Transporto a Pumatar hacia Mapa39 X:82 Y:11
23/07/2004 01:50:08 p.m. Transporto a Pumatar hacia Mapa39 X:79 Y:11
23/07/2004 01:50:09 p.m. Transporto a Pumatar hacia Mapa39 X:76 Y:12
23/07/2004 01:50:09 p.m. Transporto a Pumatar hacia Mapa39 X:77 Y:11
23/07/2004 01:50:09 p.m. Transporto a Pumatar hacia Mapa39 X:77 Y:11
23/07/2004 01:50:09 p.m. Transporto a Pumatar hacia Mapa39 X:74 Y:11
23/07/2004 01:50:10 p.m. Transporto a Pumatar hacia Mapa39 X:74 Y:11
23/07/2004 01:50:10 p.m. Transporto a Pumatar hacia Mapa39 X:74 Y:11
23/07/2004 01:50:10 p.m. Transporto a Pumatar hacia Mapa39 X:69 Y:10
23/07/2004 01:50:10 p.m. Transporto a Pumatar hacia Mapa39 X:69 Y:10
23/07/2004 01:50:11 p.m. Transporto a Pumatar hacia Mapa39 X:62 Y:9
23/07/2004 01:50:11 p.m. Transporto a Pumatar hacia Mapa39 X:61 Y:8
23/07/2004 01:50:11 p.m. Transporto a Pumatar hacia Mapa39 X:53 Y:7
23/07/2004 01:50:12 p.m. Transporto a Pumatar hacia Mapa8 X:45 Y:92
23/07/2004 01:50:12 p.m. Transporto a Pumatar hacia Mapa8 X:45 Y:92
23/07/2004 01:50:13 p.m. Transporto a Pumatar hacia Mapa8 X:37 Y:91
23/07/2004 01:50:13 p.m. Transporto a Pumatar hacia Mapa8 X:29 Y:91
23/07/2004 01:50:13 p.m. Transporto a Pumatar hacia Mapa8 X:21 Y:92
23/07/2004 01:50:13 p.m. Transporto a Pumatar hacia Mapa8 X:14 Y:91
23/07/2004 01:50:14 p.m. Transporto a Pumatar hacia Mapa8 X:9 Y:88
23/07/2004 01:50:14 p.m. Transporto a Pumatar hacia Mapa9 X:86 Y:85
23/07/2004 01:50:14 p.m. Transporto a Pumatar hacia Mapa9 X:86 Y:85
23/07/2004 01:50:15 p.m. Transporto a Pumatar hacia Mapa9 X:86 Y:85
23/07/2004 01:50:15 p.m. Transporto a Pumatar hacia Mapa9 X:80 Y:83
23/07/2004 01:50:15 p.m. Transporto a Pumatar hacia Mapa9 X:74 Y:81
23/07/2004 01:50:15 p.m. Transporto a Pumatar hacia Mapa9 X:68 Y:79
23/07/2004 01:50:15 p.m. Transporto a Pumatar hacia Mapa9 X:62 Y:77
23/07/2004 01:50:16 p.m. Transporto a Pumatar hacia Mapa9 X:56 Y:75
23/07/2004 01:50:16 p.m. Transporto a Pumatar hacia Mapa9 X:50 Y:73
23/07/2004 01:50:17 p.m. Transporto a Pumatar hacia Mapa9 X:44 Y:71
23/07/2004 01:50:17 p.m. Transporto a Pumatar hacia Mapa9 X:38 Y:70
23/07/2004 01:50:17 p.m. Transporto a Pumatar hacia Mapa9 X:32 Y:69
23/07/2004 01:50:17 p.m. Transporto a Pumatar hacia Mapa9 X:25 Y:68
23/07/2004 01:50:18 p.m. Transporto a Pumatar hacia Mapa9 X:18 Y:67
23/07/2004 01:50:18 p.m. Transporto a Pumatar hacia Mapa9 X:10 Y:64
23/07/2004 01:50:19 p.m. Transporto a Pumatar hacia Mapa9 X:9 Y:58
23/07/2004 01:50:19 p.m. Transporto a Pumatar hacia Mapa9 X:10 Y:58
23/07/2004 01:50:20 p.m. Transporto a Pumatar hacia Mapa9 X:11 Y:53
23/07/2004 01:50:20 p.m. Transporto a Pumatar hacia Mapa9 X:11 Y:52
23/07/2004 01:50:20 p.m. Transporto a Pumatar hacia Mapa9 X:11 Y:50
23/07/2004 01:50:21 p.m. Transporto a Pumatar hacia Mapa9 X:11 Y:50
23/07/2004 01:50:21 p.m. Transporto a Pumatar hacia Mapa9 X:12 Y:48
23/07/2004 01:50:21 p.m. Transporto a Pumatar hacia Mapa9 X:12 Y:47
23/07/2004 01:50:21 p.m. Transporto a Pumatar hacia Mapa9 X:12 Y:45
23/07/2004 01:50:22 p.m. Transporto a Pumatar hacia Mapa9 X:12 Y:43
23/07/2004 01:50:22 p.m. Transporto a Pumatar hacia Mapa9 X:12 Y:43
23/07/2004 01:50:22 p.m. Transporto a Pumatar hacia Mapa9 X:12 Y:42
23/07/2004 01:50:22 p.m. Transporto a Pumatar hacia Mapa9 X:12 Y:39
23/07/2004 01:50:22 p.m. Transporto a Pumatar hacia Mapa9 X:13 Y:37
23/07/2004 01:50:22 p.m. Transporto a Pumatar hacia Mapa9 X:13 Y:37
23/07/2004 01:50:22 p.m. Transporto a Pumatar hacia Mapa9 X:14 Y:37
23/07/2004 01:50:23 p.m. Transporto a Pumatar hacia Mapa9 X:15 Y:33
23/07/2004 01:50:23 p.m. Transporto a Pumatar hacia Mapa9 X:16 Y:31
23/07/2004 01:50:23 p.m. Transporto a Pumatar hacia Mapa9 X:18 Y:27
23/07/2004 01:50:23 p.m. Transporto a Pumatar hacia Mapa9 X:17 Y:25
23/07/2004 01:50:23 p.m. Transporto a Pumatar hacia Mapa9 X:16 Y:19
23/07/2004 01:50:24 p.m. Transporto a Pumatar hacia Mapa9 X:15 Y:13
23/07/2004 01:50:24 p.m. Transporto a Pumatar hacia Mapa9 X:14 Y:7
23/07/2004 01:50:28 p.m. Transporto a Pumatar hacia Mapa9 X:22 Y:8
23/07/2004 01:50:28 p.m. Transporto a Pumatar hacia Mapa9 X:29 Y:7
23/07/2004 01:50:32 p.m. Transporto a Pumatar hacia Mapa9 X:37 Y:9
23/07/2004 01:50:32 p.m. Transporto a Pumatar hacia Mapa9 X:45 Y:8
23/07/2004 01:50:33 p.m. Transporto a Pumatar hacia Mapa9 X:53 Y:8
23/07/2004 01:50:33 p.m. Transporto a Pumatar hacia Mapa9 X:61 Y:8
23/07/2004 01:50:34 p.m. Transporto a Pumatar hacia Mapa9 X:68 Y:8
23/07/2004 01:50:34 p.m. Transporto a Pumatar hacia Mapa9 X:75 Y:8
23/07/2004 01:50:34 p.m. Transporto a Pumatar hacia Mapa9 X:82 Y:8
23/07/2004 01:50:34 p.m. Transporto a Pumatar hacia Mapa9 X:89 Y:9
23/07/2004 01:50:38 p.m. Transporto a Pumatar hacia Mapa8 X:19 Y:7
23/07/2004 01:50:38 p.m. Transporto a Pumatar hacia Mapa74 X:26 Y:94
23/07/2004 01:50:39 p.m. Transporto a Pumatar hacia Mapa74 X:26 Y:94
23/07/2004 01:50:40 p.m. Transporto a Pumatar hacia Mapa74 X:25 Y:94
23/07/2004 01:50:40 p.m. Transporto a Pumatar hacia Mapa74 X:29 Y:90
23/07/2004 01:50:41 p.m. Transporto a Pumatar hacia Mapa74 X:28 Y:90
23/07/2004 01:50:41 p.m. Transporto a Pumatar hacia Mapa74 X:27 Y:89
23/07/2004 01:50:41 p.m. Transporto a Pumatar hacia Mapa74 X:25 Y:89
23/07/2004 01:50:41 p.m. Transporto a Pumatar hacia Mapa74 X:24 Y:89
23/07/2004 01:50:42 p.m. Transporto a Pumatar hacia Mapa74 X:24 Y:88
23/07/2004 01:50:49 p.m. /SUM GIGY Map:74 X:23 Y:83
23/07/2004 01:50:54 p.m. /SUM PALADAX Map:74 X:23 Y:83
23/07/2004 01:50:57 p.m. /SUM GIGY Map:74 X:23 Y:83
23/07/2004 01:51:02 p.m. /SUM HYDMAN Map:74 X:21 Y:84
23/07/2004 01:52:32 p.m. Transporto a PALADAX hacia Mapa1 X:50 Y:50
23/07/2004 01:53:06 p.m. Transporto a Pumatar hacia Mapa75 X:71 Y:89
23/07/2004 01:53:17 p.m. Resucito a GIGY
23/07/2004 01:53:30 p.m. Transporto a Pumatar hacia Mapa75 X:71 Y:92
23/07/2004 01:53:33 p.m. /DEST
23/07/2004 01:53:35 p.m. Transporto a Pumatar hacia Mapa75 X:71 Y:92
23/07/2004 01:53:36 p.m. Transporto a Pumatar hacia Mapa75 X:70 Y:92
23/07/2004 01:53:38 p.m. /DEST
23/07/2004 01:53:52 p.m. Resucito a HYDMAN
23/07/2004 01:54:00 p.m. Transporto a Pumatar hacia Mapa75 X:51 Y:86
23/07/2004 01:54:02 p.m. Transporto a Pumatar hacia Mapa75 X:51 Y:84
05/08/2004 08:38:58 p.m. Se conecto con ip:127.0.0.1
05/08/2004 08:39:04 p.m. /IRA Hibrido Mapa:15 X:57 Y:45
05/08/2004 08:39:06 p.m. /mod pu head 11
05/08/2004 08:39:18 p.m. /mod pu body 78
05/08/2004 08:39:20 p.m. Transporto a PUMATAR hacia Mapa15 X:57 Y:46
05/08/2004 08:39:27 p.m. /mod pu body 101
05/08/2004 08:39:34 p.m. Transporto a Hibrido hacia Mapa1 X:50 Y:50
05/08/2004 08:39:36 p.m. /IRA Hibrido Mapa:1 X:50 Y:50
05/08/2004 08:39:48 p.m. /mod hi exp 999999999999
05/08/2004 08:39:51 p.m. /mod hi exp 9999999999
05/08/2004 08:39:56 p.m. /mod hi exp 999999999
05/08/2004 08:39:57 p.m. /mod hi exp 999999999
05/08/2004 08:39:58 p.m. /mod hi exp 999999999
05/08/2004 08:39:58 p.m. /mod hi exp 999999999
05/08/2004 08:39:59 p.m. /mod hi exp 999999999
05/08/2004 08:39:59 p.m. /mod hi exp 999999999
05/08/2004 08:40:00 p.m. /mod hi exp 999999999
05/08/2004 08:40:00 p.m. /mod hi exp 999999999
05/08/2004 08:40:01 p.m. /mod hi exp 999999999
05/08/2004 08:40:01 p.m. /mod hi exp 999999999
05/08/2004 08:40:02 p.m. /mod hi exp 999999999
05/08/2004 08:40:02 p.m. /mod hi exp 999999999
05/08/2004 08:40:03 p.m. /mod hi exp 999999999
05/08/2004 08:40:04 p.m. /mod hi exp 999999999
05/08/2004 08:40:05 p.m. /mod hi exp 999999999
05/08/2004 08:40:06 p.m. /mod hi exp 999999999
05/08/2004 08:40:06 p.m. /mod hi exp 999999999
05/08/2004 08:40:06 p.m. /mod hi exp 999999999
05/08/2004 08:40:07 p.m. /mod hi exp 999999999
05/08/2004 08:40:07 p.m. /mod hi exp 999999999
05/08/2004 08:40:08 p.m. /mod hi exp 999999999
05/08/2004 08:40:09 p.m. /mod hi exp 999999999
05/08/2004 08:40:09 p.m. /mod hi exp 999999999
05/08/2004 08:40:09 p.m. /mod hi exp 999999999
05/08/2004 08:40:10 p.m. /mod hi exp 999999999
05/08/2004 08:40:15 p.m. /mod hi oro 999999999
05/08/2004 08:40:17 p.m. /mod hi exp 999999999
05/08/2004 08:40:17 p.m. /mod hi exp 999999999
05/08/2004 08:40:18 p.m. /mod hi exp 999999999
05/08/2004 08:40:18 p.m. /mod hi exp 999999999
05/08/2004 08:40:19 p.m. /mod hi exp 999999999
05/08/2004 08:40:19 p.m. /mod hi exp 999999999
05/08/2004 08:40:20 p.m. /mod hi exp 999999999
05/08/2004 08:40:20 p.m. /mod hi exp 999999999
05/08/2004 08:40:24 p.m. /mod hi exp 999999999
05/08/2004 08:40:25 p.m. /mod hi exp 999999999
05/08/2004 08:40:26 p.m. /mod hi exp 999999999
05/08/2004 08:40:26 p.m. /mod hi exp 999999999
05/08/2004 08:40:27 p.m. /mod hi exp 999999999
05/08/2004 08:40:27 p.m. /mod hi exp 999999999
05/08/2004 08:40:28 p.m. /mod hi exp 999999999
05/08/2004 08:40:28 p.m. /mod hi exp 999999999
05/08/2004 08:40:29 p.m. /mod hi exp 999999999
05/08/2004 08:40:29 p.m. /mod hi exp 999999999
05/08/2004 08:40:30 p.m. /mod hi exp 999999999
05/08/2004 08:40:30 p.m. /mod hi exp 999999999
05/08/2004 08:40:30 p.m. /mod hi exp 999999999
05/08/2004 08:40:31 p.m. /mod hi exp 999999999
05/08/2004 08:40:31 p.m. /mod hi exp 999999999
05/08/2004 08:40:32 p.m. /mod hi exp 999999999
05/08/2004 08:40:32 p.m. /mod hi exp 999999999
05/08/2004 08:40:33 p.m. /mod hi exp 999999999
05/08/2004 08:40:35 p.m. /mod hi exp 999999999
05/08/2004 08:40:35 p.m. /mod hi exp 999999999
05/08/2004 08:40:36 p.m. /mod hi exp 999999999
05/08/2004 08:40:36 p.m. /mod hi exp 999999999
05/08/2004 08:40:36 p.m. /mod hi exp 999999999/mod hi exp 999999999
05/08/2004 08:40:53 p.m. /mod hi cri 100
05/08/2004 08:41:00 p.m. /mod puma 
05/08/2004 08:41:12 p.m. /mod puma exp 9999999
05/08/2004 08:41:12 p.m. /mod puma exp 9999999
05/08/2004 08:41:12 p.m. /mod puma exp 9999999
05/08/2004 08:41:13 p.m. /mod puma exp 9999999
05/08/2004 08:41:19 p.m. /mod puma exp 9999999
05/08/2004 08:41:19 p.m. /mod puma exp 9999999
05/08/2004 08:41:23 p.m. /mod puma exp 9999999
05/08/2004 08:41:23 p.m. /mod puma exp 9999999
05/08/2004 08:41:24 p.m. /mod puma exp 9999999
05/08/2004 08:41:24 p.m. /mod puma exp 9999999
05/08/2004 08:41:25 p.m. /mod puma exp 9999999
05/08/2004 08:41:25 p.m. /mod puma exp 9999999
05/08/2004 08:41:25 p.m. /mod puma exp 9999999
05/08/2004 08:41:26 p.m. /mod puma exp 9999999
05/08/2004 08:41:26 p.m. /mod puma exp 9999999
05/08/2004 08:41:27 p.m. /mod puma exp 9999999
05/08/2004 08:41:27 p.m. /mod puma exp 9999999
05/08/2004 08:41:27 p.m. /mod puma exp 9999999
05/08/2004 08:41:28 p.m. /mod puma exp 9999999
05/08/2004 08:41:28 p.m. /mod puma exp 9999999
05/08/2004 08:41:29 p.m. /mod puma exp 9999999
05/08/2004 08:41:30 p.m. /mod puma exp 9999999
05/08/2004 08:41:30 p.m. /mod puma exp 9999999
05/08/2004 08:41:30 p.m. /mod puma exp 9999999
05/08/2004 08:41:31 p.m. /mod puma exp 9999999
05/08/2004 08:41:31 p.m. /mod puma exp 9999999
05/08/2004 08:41:31 p.m. /mod puma exp 9999999
05/08/2004 08:41:32 p.m. /mod puma exp 9999999
05/08/2004 08:41:34 p.m. /mod puma exp 9999999
05/08/2004 08:41:34 p.m. /mod puma exp 9999999
05/08/2004 08:41:35 p.m. /mod puma exp 9999999
05/08/2004 08:41:35 p.m. /mod puma exp 9999999
05/08/2004 08:41:36 p.m. /mod puma exp 9999999
05/08/2004 08:41:36 p.m. /mod puma exp 9999999
05/08/2004 08:41:36 p.m. /mod puma exp 9999999
05/08/2004 08:41:37 p.m. /mod puma exp 9999999
05/08/2004 08:41:37 p.m. /mod puma exp 9999999
05/08/2004 08:41:39 p.m. /mod puma exp 9999999
05/08/2004 08:41:40 p.m. /mod puma exp 9999999
05/08/2004 08:41:40 p.m. /mod puma exp 9999999
05/08/2004 08:41:41 p.m. /mod puma exp 9999999
05/08/2004 08:41:41 p.m. /mod puma exp 9999999
05/08/2004 08:41:42 p.m. /mod puma exp 9999999
05/08/2004 08:41:42 p.m. /mod puma exp 9999999
05/08/2004 08:41:43 p.m. /mod puma exp 9999999
05/08/2004 08:41:43 p.m. /mod puma exp 9999999
05/08/2004 08:41:44 p.m. /mod puma exp 9999999
05/08/2004 08:41:45 p.m. /mod puma exp 9999999
05/08/2004 08:41:45 p.m. /mod puma exp 9999999
05/08/2004 08:41:46 p.m. /mod puma exp 9999999
05/08/2004 08:41:46 p.m. /mod puma exp 9999999
05/08/2004 08:41:47 p.m. /mod puma exp 9999999
05/08/2004 08:41:48 p.m. /mod puma exp 9999999
05/08/2004 08:41:48 p.m. /mod puma exp 9999999
05/08/2004 08:41:49 p.m. /mod puma exp 9999999
05/08/2004 08:41:50 p.m. /mod puma exp 9999999
05/08/2004 08:41:51 p.m. /mod puma exp 9999999
05/08/2004 08:41:52 p.m. /mod puma exp 9999999
05/08/2004 08:41:52 p.m. /mod puma exp 9999999
05/08/2004 08:41:53 p.m. /mod puma exp 9999999
05/08/2004 08:41:53 p.m. /mod puma exp 9999999
05/08/2004 08:41:54 p.m. /mod puma exp 9999999
05/08/2004 08:41:54 p.m. /mod puma exp 9999999
05/08/2004 08:41:55 p.m. /mod puma exp 9999999
05/08/2004 08:41:56 p.m. /mod puma exp 9999999
05/08/2004 08:41:57 p.m. /mod puma exp 9999999
05/08/2004 08:41:57 p.m. /mod puma exp 9999999
05/08/2004 08:41:58 p.m. /mod puma exp 9999999
05/08/2004 08:41:59 p.m. /mod puma exp 9999999
05/08/2004 08:42:00 p.m. /mod puma exp 9999999
05/08/2004 08:42:01 p.m. /mod puma exp 9999999
05/08/2004 08:42:01 p.m. /mod puma exp 9999999
05/08/2004 08:42:02 p.m. /mod puma exp 9999999
05/08/2004 08:42:03 p.m. /mod puma exp 9999999
05/08/2004 08:42:04 p.m. /mod puma exp 9999999
05/08/2004 08:42:04 p.m. /mod puma exp 9999999
05/08/2004 08:42:04 p.m. /mod puma exp 9999999
05/08/2004 08:42:06 p.m. /mod puma exp 99999999
05/08/2004 08:42:09 p.m. /mod puma exp 99999999
05/08/2004 08:42:09 p.m. /mod puma exp 99999999
05/08/2004 08:42:10 p.m. /mod puma exp 99999999
05/08/2004 08:42:10 p.m. /mod puma exp 99999999
05/08/2004 08:42:11 p.m. /mod puma exp 99999999
05/08/2004 08:42:11 p.m. /mod puma exp 99999999
05/08/2004 08:42:11 p.m. /mod puma exp 99999999
05/08/2004 08:42:12 p.m. /mod puma exp 99999999
05/08/2004 08:42:14 p.m. /mod puma exp 99999999
05/08/2004 08:42:15 p.m. /mod puma exp 99999999
05/08/2004 08:42:15 p.m. /mod puma exp 99999999
05/08/2004 08:42:15 p.m. /mod puma exp 99999999
05/08/2004 08:42:16 p.m. /mod puma exp 99999999
05/08/2004 08:42:16 p.m. /mod puma exp 99999999
05/08/2004 08:42:17 p.m. /mod puma exp 99999999
05/08/2004 08:42:17 p.m. /mod puma exp 99999999
05/08/2004 08:42:17 p.m. /mod puma exp 99999999
05/08/2004 08:42:18 p.m. /mod puma exp 99999999
05/08/2004 08:42:18 p.m. /mod puma exp 99999999
05/08/2004 08:42:19 p.m. /mod puma exp 99999999
05/08/2004 08:42:20 p.m. /mod puma exp 99999999
05/08/2004 08:42:20 p.m. /mod puma exp 99999999
05/08/2004 08:42:20 p.m. /mod puma exp 99999999
05/08/2004 08:42:21 p.m. /mod puma exp 99999999
05/08/2004 08:42:21 p.m. /mod puma exp 99999999
05/08/2004 08:42:22 p.m. /mod puma exp 99999999
05/08/2004 08:42:22 p.m. /mod puma exp 99999999
05/08/2004 08:42:24 p.m. /mod puma exp 99999999
05/08/2004 08:42:24 p.m. /mod puma exp 99999999
05/08/2004 08:42:25 p.m. /mod puma exp 99999999
05/08/2004 08:42:25 p.m. /mod puma exp 99999999
05/08/2004 08:42:26 p.m. /mod puma exp 99999999
05/08/2004 08:42:27 p.m. /mod puma exp 99999999
05/08/2004 08:42:27 p.m. /mod puma exp 99999999
05/08/2004 08:42:31 p.m. /mod puma exp 999999999
05/08/2004 08:42:32 p.m. /mod puma exp 999999999
05/08/2004 08:42:32 p.m. /mod puma exp 999999999
05/08/2004 08:42:33 p.m. /mod puma exp 999999999
05/08/2004 08:42:33 p.m. /mod puma exp 999999999
05/08/2004 08:42:34 p.m. /mod puma exp 999999999
05/08/2004 08:42:34 p.m. /mod puma exp 999999999
05/08/2004 08:42:35 p.m. /mod puma exp 999999999
05/08/2004 08:42:35 p.m. /mod puma exp 999999999
05/08/2004 08:42:36 p.m. /mod puma exp 999999999
05/08/2004 08:42:36 p.m. /mod puma exp 999999999
05/08/2004 08:42:36 p.m. /mod puma exp 999999999
05/08/2004 08:42:37 p.m. /mod puma exp 999999999
05/08/2004 08:42:37 p.m. /mod puma exp 999999999
05/08/2004 08:42:38 p.m. /mod puma exp 999999999
05/08/2004 08:42:38 p.m. /mod puma exp 999999999
05/08/2004 08:42:39 p.m. /mod puma exp 999999999
05/08/2004 08:42:39 p.m. /mod puma exp 999999999
05/08/2004 08:42:40 p.m. /mod puma exp 999999999
05/08/2004 08:42:41 p.m. /mod puma exp 999999999
05/08/2004 08:42:42 p.m. /mod puma exp 999999999
05/08/2004 08:42:42 p.m. /mod puma exp 999999999
05/08/2004 08:42:42 p.m. /mod puma exp 999999999
05/08/2004 08:42:43 p.m. /mod puma exp 999999999
05/08/2004 08:42:43 p.m. /mod puma exp 999999999
05/08/2004 08:42:44 p.m. /mod puma exp 999999999
05/08/2004 08:42:45 p.m. /mod puma exp 999999999
05/08/2004 08:42:47 p.m. /mod puma exp 999999999
05/08/2004 08:42:49 p.m. /mod puma exp 999999999
05/08/2004 08:42:49 p.m. /mod puma exp 999999999
05/08/2004 08:42:50 p.m. /mod puma exp 999999999
05/08/2004 08:42:50 p.m. /mod puma exp 999999999
05/08/2004 08:42:51 p.m. /mod puma exp 999999999
05/08/2004 08:42:52 p.m. /mod puma exp 999999999
05/08/2004 08:43:01 p.m. /mod puma ciu 500
05/08/2004 08:44:13 p.m. Se conecto con ip:127.0.0.1
05/08/2004 08:44:26 p.m. Transporto a PumaTar hacia Mapa1 X:58 Y:48
05/08/2004 08:44:27 p.m. Transporto a PumaTar hacia Mapa1 X:65 Y:44
05/08/2004 08:44:28 p.m. Transporto a PumaTar hacia Mapa1 X:69 Y:39
05/08/2004 08:44:31 p.m. /mod pu head 11
05/08/2004 08:44:38 p.m. Transporto a PumaTar hacia Mapa34 X:34 Y:34
05/08/2004 08:44:40 p.m. Transporto a PumaTar hacia Mapa34 X:39 Y:31
05/08/2004 08:44:54 p.m. Hizo el objeto: 10000(ObjIndex)
07/08/2004 12:57:18 p.m. Se conecto con ip:192.168.0.30
07/08/2004 12:57:28 p.m. Transporto a PumaTar hacia Mapa34 X:48 Y:33
07/08/2004 12:57:28 p.m. Transporto a PumaTar hacia Mapa34 X:54 Y:32
08/08/2004 10:23:32 p.m. Se conecto con ip:192.168.0.30
08/08/2004 10:23:44 p.m. Transporto a Pumatar hacia Mapa34 X:57 Y:26
08/08/2004 10:23:47 p.m. /IRA HIBRIDO Mapa:1 X:81 Y:33
08/08/2004 10:23:57 p.m. /MATA NPC SIN INICIAR
08/08/2004 10:24:13 p.m. /mod puma oro 9999999
08/08/2004 10:24:38 p.m. Tiro cantidad:22 Objeto:Pocion de invisibilidad
08/08/2004 10:24:44 p.m. Tiro cantidad:22 Objeto:Pocion de resurrecion
08/08/2004 10:24:48 p.m. Tiro cantidad:22 Objeto:Pocion desparalizante
08/08/2004 10:24:59 p.m. /MATA NPC SIN INICIAR
08/08/2004 10:24:59 p.m. Transporto a Pumatar hacia Mapa1 X:77 Y:41
08/08/2004 10:25:03 p.m. Transporto a Pumatar hacia Mapa1 X:82 Y:36
08/08/2004 10:25:19 p.m. Tiro cantidad:1 Objeto:Espada paralizante
08/08/2004 10:25:23 p.m. /MATA NPC SIN INICIAR
08/08/2004 10:25:29 p.m. Transporto a Pumatar hacia Mapa34 X:34 Y:34
08/08/2004 10:25:40 p.m. /mod hi exp 999999
08/08/2004 10:25:44 p.m. /mod hi exp 999999
08/08/2004 10:25:44 p.m. /mod hi exp 999999
08/08/2004 10:25:45 p.m. /mod hi exp 999999
08/08/2004 10:25:45 p.m. /mod hi exp 999999
08/08/2004 10:25:46 p.m. /mod hi exp 999999
08/08/2004 10:25:46 p.m. /mod hi exp 999999
08/08/2004 10:25:47 p.m. /mod hi exp 999999
08/08/2004 10:25:47 p.m. /mod hi exp 999999
08/08/2004 10:25:47 p.m. /mod hi exp 999999
08/08/2004 10:25:48 p.m. /mod hi exp 999999
08/08/2004 10:25:52 p.m. /mod hi exp 999999
08/08/2004 10:26:04 p.m. /mod hi exp 999999
08/08/2004 10:26:07 p.m. /mod hi exp 999999
08/08/2004 10:26:08 p.m. /mod hi exp 999999
08/08/2004 10:26:09 p.m. /mod hi exp 999999
08/08/2004 10:26:17 p.m. /mod hi exp 999999
08/08/2004 10:26:21 p.m. /mod hi exp 999999
08/08/2004 10:26:21 p.m. /mod hi exp 999999
08/08/2004 10:26:22 p.m. /mod hi exp 999999
08/08/2004 10:26:23 p.m. /mod hi exp 999999
08/08/2004 10:26:23 p.m. /mod hi exp 999999
08/08/2004 10:26:24 p.m. /mod hi exp 999999
08/08/2004 10:26:24 p.m. /mod hi exp 999999
08/08/2004 10:26:24 p.m. /mod hi exp 999999
08/08/2004 10:26:25 p.m. /mod hi exp 999999
08/08/2004 10:26:25 p.m. /mod hi exp 999999
08/08/2004 10:26:26 p.m. /mod hi exp 999999
08/08/2004 10:26:27 p.m. /mod hi exp 999999
08/08/2004 10:26:27 p.m. /mod hi exp 999999
08/08/2004 10:26:28 p.m. /mod hi exp 999999
08/08/2004 10:26:28 p.m. /mod hi exp 999999
08/08/2004 10:26:29 p.m. /mod hi exp 999999
08/08/2004 10:26:30 p.m. /mod hi exp 999999
08/08/2004 10:26:30 p.m. /mod hi exp 999999
08/08/2004 10:26:30 p.m. /mod hi exp 999999
08/08/2004 10:26:31 p.m. /mod hi exp 999999
08/08/2004 10:26:31 p.m. /mod hi exp 999999
08/08/2004 10:26:32 p.m. /mod hi exp 999999
08/08/2004 10:26:34 p.m. /mod hi exp 999999
08/08/2004 10:26:34 p.m. /mod hi exp 999999
08/08/2004 10:26:34 p.m. /mod hi exp 999999
08/08/2004 10:26:35 p.m. /mod hi exp 999999
08/08/2004 10:26:35 p.m. /mod hi exp 999999
08/08/2004 10:26:36 p.m. /mod hi exp 999999
08/08/2004 10:26:36 p.m. /mod hi exp 999999
08/08/2004 10:26:36 p.m. /mod hi exp 999999
08/08/2004 10:26:37 p.m. /mod hi exp 999999
08/08/2004 10:26:37 p.m. /mod hi exp 999999
08/08/2004 10:26:38 p.m. /mod hi exp 999999
08/08/2004 10:26:38 p.m. /mod hi exp 999999
08/08/2004 10:26:39 p.m. /mod hi exp 999999
08/08/2004 10:26:46 p.m. /mod hi exp 999999999
08/08/2004 10:26:47 p.m. /mod hi exp 999999999
08/08/2004 10:26:48 p.m. /mod hi exp 999999999
08/08/2004 10:26:48 p.m. /mod hi exp 999999999
08/08/2004 10:26:48 p.m. /mod hi exp 999999999
08/08/2004 10:26:49 p.m. /mod hi exp 999999999
08/08/2004 10:26:49 p.m. /mod hi exp 999999999
08/08/2004 10:26:51 p.m. /mod hi exp 999999999
08/08/2004 10:26:52 p.m. Transporto a Pumatar hacia Mapa34 X:40 Y:35
08/08/2004 10:26:53 p.m. Transporto a Pumatar hacia Mapa34 X:48 Y:35
08/08/2004 10:26:54 p.m. Transporto a Pumatar hacia Mapa34 X:55 Y:34
08/08/2004 10:26:55 p.m. Transporto a Pumatar hacia Mapa34 X:62 Y:34
08/08/2004 10:26:55 p.m. Transporto a Pumatar hacia Mapa34 X:67 Y:34
08/08/2004 10:26:56 p.m. Transporto a Pumatar hacia Mapa34 X:74 Y:34
08/08/2004 10:27:18 p.m. /IRA HIBRIDO Mapa:1 X:80 Y:35
08/08/2004 10:27:20 p.m. Tiro cantidad:1 Objeto:Armadura de placas completa
08/08/2004 10:27:21 p.m. Agarro:1 Objeto:Armadura de placas completa
08/08/2004 10:27:22 p.m. Tiro cantidad:1 Objeto:Armadura de placas completa
08/08/2004 10:27:25 p.m. Tiro cantidad:1 Objeto:Escudo Imperial
08/08/2004 10:27:26 p.m. Tiro cantidad:1 Objeto:Casco de hierro completo
08/08/2004 10:29:00 p.m. Se conecto con ip:192.168.0.30
08/08/2004 10:29:10 p.m. /mod hi oro 999999999
