05/08/2004 03:41:14 p.m. Se conecto con ip:24.232.113.125
05/08/2004 03:42:22 p.m. Se conecto con ip:24.232.113.125
05/08/2004 03:47:09 p.m. Tiro cantidad:1 Objeto:Piel cara de lobo
05/08/2004 03:47:11 p.m. Tiro cantidad:3 Objeto:Pollo
05/08/2004 03:47:41 p.m. /TELEPLOC a x:57 Y:43 Map:1
05/08/2004 03:47:45 p.m. Agarro:1 Objeto:Armadura de Dragón (Hombre)
05/08/2004 03:52:27 p.m. Transporto a Token hacia Mapa25 X:50 Y:50
05/08/2004 03:53:10 p.m. /TELEPLOC a x:67 Y:38 Map:25
05/08/2004 03:53:20 p.m. Transporto a Token hacia Mapa1 X:50 Y:50
05/08/2004 03:54:13 p.m. Transporto a Token hacia Mapa13 X:50 Y:50
05/08/2004 03:55:11 p.m. Transporto a Token hacia Mapa1 X:50 Y:50
05/08/2004 03:56:23 p.m. /IRA GORDO PUTO SIN VIDA ALLALALA Mapa:1 X:55 Y:48
05/08/2004 03:57:41 p.m. /IRA Sicarul Mapa:1 X:57 Y:48
05/08/2004 04:00:45 p.m. Transporto a Token hacia Mapa34 X:50 Y:50
05/08/2004 04:01:24 p.m. /IRA Sicarul Mapa:1 X:59 Y:45
05/08/2004 04:03:53 p.m. /IRA GORDO LOGI TE CABE GATO Mapa:1 X:54 Y:46
05/08/2004 04:06:39 p.m. /IRA Star Mapa:1 X:61 Y:48
05/08/2004 04:08:00 p.m. /IRA Hibrido Mapa:1 X:57 Y:49
05/08/2004 04:08:21 p.m. Transporto a Hibrido hacia Mapa15 X:50 Y:50
05/08/2004 04:08:30 p.m. Transporto a Token hacia Mapa15 X:50 Y:50
05/08/2004 04:09:00 p.m. /IRA Star Mapa:1 X:61 Y:47
05/08/2004 04:10:27 p.m. /IRA Sicarul Mapa:1 X:61 Y:48
05/08/2004 04:10:43 p.m. Tiro cantidad:1 Objeto:Armadura del ejército del Caos (H/E/EO)
05/08/2004 04:10:43 p.m. Agarro:1 Objeto:Armadura del ejército del Caos (H/E/EO)
05/08/2004 04:12:37 p.m. /SUM Star Map:1 X:56 Y:60
05/08/2004 04:13:58 p.m. Transporto a Token hacia Mapa34 X:50 Y:50
05/08/2004 04:17:08 p.m. /TELEPLOC a x:53 Y:76 Map:140
05/08/2004 04:17:09 p.m. /TELEPLOC a x:53 Y:76 Map:140
05/08/2004 04:17:11 p.m. /TELEPLOC a x:53 Y:70 Map:140
05/08/2004 04:17:12 p.m. /TELEPLOC a x:53 Y:64 Map:140
05/08/2004 04:22:19 p.m. /SUM Star Map:140 X:56 Y:61
05/08/2004 04:26:10 p.m. /SUM Sicarul Map:140 X:53 Y:53
05/08/2004 04:27:00 p.m. Tiro cantidad:1000 Objeto:Monedas de oro
05/08/2004 04:27:04 p.m. Tiro cantidad:1000 Objeto:Monedas de oro
05/08/2004 04:36:08 p.m. /IRA Star Mapa:37 X:35 Y:36
05/08/2004 04:36:26 p.m. Tiro cantidad:10000 Objeto:Monedas de oro
05/08/2004 04:36:26 p.m. Tiro cantidad:10000 Objeto:Monedas de oro
05/08/2004 04:36:26 p.m. Tiro cantidad:10000 Objeto:Monedas de oro
05/08/2004 04:36:26 p.m. Tiro cantidad:10000 Objeto:Monedas de oro
05/08/2004 04:36:26 p.m. Tiro cantidad:10000 Objeto:Monedas de oro
05/08/2004 04:36:26 p.m. Tiro cantidad:10000 Objeto:Monedas de oro
05/08/2004 04:36:26 p.m. Tiro cantidad:10000 Objeto:Monedas de oro
05/08/2004 04:36:26 p.m. Tiro cantidad:10000 Objeto:Monedas de oro
05/08/2004 04:36:26 p.m. Tiro cantidad:10000 Objeto:Monedas de oro
05/08/2004 04:36:26 p.m. Tiro cantidad:10000 Objeto:Monedas de oro
05/08/2004 04:36:41 p.m. Tiro cantidad:10000 Objeto:Monedas de oro
05/08/2004 04:36:41 p.m. Tiro cantidad:10000 Objeto:Monedas de oro
05/08/2004 04:36:41 p.m. Tiro cantidad:10000 Objeto:Monedas de oro
05/08/2004 04:36:41 p.m. Tiro cantidad:10000 Objeto:Monedas de oro
05/08/2004 04:36:41 p.m. Tiro cantidad:10000 Objeto:Monedas de oro
05/08/2004 04:36:41 p.m. Tiro cantidad:10000 Objeto:Monedas de oro
05/08/2004 04:36:41 p.m. Tiro cantidad:10000 Objeto:Monedas de oro
05/08/2004 04:36:41 p.m. Tiro cantidad:10000 Objeto:Monedas de oro
05/08/2004 04:36:41 p.m. Tiro cantidad:10000 Objeto:Monedas de oro
05/08/2004 04:36:41 p.m. Tiro cantidad:10000 Objeto:Monedas de oro
05/08/2004 04:37:13 p.m. Transporto a Token hacia Mapa1 X:50 Y:50
05/08/2004 04:37:40 p.m. /SUM Star Map:1 X:28 Y:37
05/08/2004 04:49:48 p.m. Se conecto con ip:24.232.113.125
05/08/2004 04:52:53 p.m. /TELEPLOC a x:59 Y:51 Map:139
05/08/2004 04:54:00 p.m. Transporto a Token hacia Mapa1 X:50 Y:50
05/08/2004 05:14:00 p.m. Se conecto con ip:24.232.113.125
05/08/2004 05:14:29 p.m. Transporto a Token hacia Mapa1 X:50 Y:60
05/08/2004 05:15:28 p.m. /TELEPLOC a x:32 Y:91 Map:1
05/08/2004 05:16:25 p.m. Tiro cantidad:10000 Objeto:Monedas de oro
05/08/2004 05:16:25 p.m. Tiro cantidad:10000 Objeto:Monedas de oro
05/08/2004 05:16:25 p.m. Tiro cantidad:10000 Objeto:Monedas de oro
05/08/2004 05:16:25 p.m. Tiro cantidad:10000 Objeto:Monedas de oro
05/08/2004 05:16:25 p.m. Tiro cantidad:10000 Objeto:Monedas de oro
05/08/2004 05:16:25 p.m. Tiro cantidad:10000 Objeto:Monedas de oro
05/08/2004 05:16:25 p.m. Tiro cantidad:10000 Objeto:Monedas de oro
05/08/2004 05:16:25 p.m. Tiro cantidad:10000 Objeto:Monedas de oro
05/08/2004 05:16:25 p.m. Tiro cantidad:10000 Objeto:Monedas de oro
05/08/2004 05:16:25 p.m. Tiro cantidad:10000 Objeto:Monedas de oro
05/08/2004 05:16:28 p.m. Tiro cantidad:10000 Objeto:Monedas de oro
05/08/2004 05:16:28 p.m. Tiro cantidad:10000 Objeto:Monedas de oro
05/08/2004 05:16:28 p.m. Tiro cantidad:10000 Objeto:Monedas de oro
05/08/2004 05:16:28 p.m. Tiro cantidad:10000 Objeto:Monedas de oro
05/08/2004 05:16:28 p.m. Tiro cantidad:10000 Objeto:Monedas de oro
05/08/2004 05:16:28 p.m. Tiro cantidad:10000 Objeto:Monedas de oro
05/08/2004 05:16:28 p.m. Tiro cantidad:10000 Objeto:Monedas de oro
05/08/2004 05:16:28 p.m. Tiro cantidad:10000 Objeto:Monedas de oro
05/08/2004 05:16:28 p.m. Tiro cantidad:10000 Objeto:Monedas de oro
05/08/2004 05:16:28 p.m. Tiro cantidad:10000 Objeto:Monedas de oro
05/08/2004 05:16:30 p.m. Tiro cantidad:10000 Objeto:Monedas de oro
05/08/2004 05:16:30 p.m. Tiro cantidad:10000 Objeto:Monedas de oro
05/08/2004 05:16:30 p.m. Tiro cantidad:10000 Objeto:Monedas de oro
05/08/2004 05:16:30 p.m. Tiro cantidad:10000 Objeto:Monedas de oro
05/08/2004 05:16:30 p.m. Tiro cantidad:10000 Objeto:Monedas de oro
05/08/2004 05:16:30 p.m. Tiro cantidad:10000 Objeto:Monedas de oro
05/08/2004 05:16:30 p.m. Tiro cantidad:10000 Objeto:Monedas de oro
05/08/2004 05:16:30 p.m. Tiro cantidad:10000 Objeto:Monedas de oro
05/08/2004 05:16:30 p.m. Tiro cantidad:10000 Objeto:Monedas de oro
05/08/2004 05:16:30 p.m. Tiro cantidad:10000 Objeto:Monedas de oro
05/08/2004 05:16:32 p.m. Tiro cantidad:10000 Objeto:Monedas de oro
05/08/2004 05:16:32 p.m. Tiro cantidad:10000 Objeto:Monedas de oro
05/08/2004 05:16:32 p.m. Tiro cantidad:10000 Objeto:Monedas de oro
05/08/2004 05:16:32 p.m. Tiro cantidad:10000 Objeto:Monedas de oro
05/08/2004 05:16:32 p.m. Tiro cantidad:10000 Objeto:Monedas de oro
05/08/2004 05:16:32 p.m. Tiro cantidad:10000 Objeto:Monedas de oro
05/08/2004 05:16:32 p.m. Tiro cantidad:10000 Objeto:Monedas de oro
05/08/2004 05:16:32 p.m. Tiro cantidad:10000 Objeto:Monedas de oro
05/08/2004 05:16:32 p.m. Tiro cantidad:10000 Objeto:Monedas de oro
05/08/2004 05:16:32 p.m. Tiro cantidad:10000 Objeto:Monedas de oro
05/08/2004 05:16:34 p.m. Tiro cantidad:10000 Objeto:Monedas de oro
05/08/2004 05:16:34 p.m. Tiro cantidad:10000 Objeto:Monedas de oro
05/08/2004 05:16:34 p.m. Tiro cantidad:10000 Objeto:Monedas de oro
05/08/2004 05:16:34 p.m. Tiro cantidad:10000 Objeto:Monedas de oro
05/08/2004 05:16:34 p.m. Tiro cantidad:10000 Objeto:Monedas de oro
05/08/2004 05:16:34 p.m. Tiro cantidad:10000 Objeto:Monedas de oro
05/08/2004 05:16:34 p.m. Tiro cantidad:10000 Objeto:Monedas de oro
05/08/2004 05:16:34 p.m. Tiro cantidad:10000 Objeto:Monedas de oro
05/08/2004 05:16:34 p.m. Tiro cantidad:10000 Objeto:Monedas de oro
05/08/2004 05:16:34 p.m. Tiro cantidad:10000 Objeto:Monedas de oro
05/08/2004 05:16:36 p.m. Tiro cantidad:10000 Objeto:Monedas de oro
05/08/2004 05:16:36 p.m. Tiro cantidad:10000 Objeto:Monedas de oro
05/08/2004 05:16:36 p.m. Tiro cantidad:10000 Objeto:Monedas de oro
05/08/2004 05:16:36 p.m. Tiro cantidad:10000 Objeto:Monedas de oro
05/08/2004 05:16:36 p.m. Tiro cantidad:10000 Objeto:Monedas de oro
05/08/2004 05:16:36 p.m. Tiro cantidad:10000 Objeto:Monedas de oro
05/08/2004 05:16:36 p.m. Tiro cantidad:10000 Objeto:Monedas de oro
05/08/2004 05:16:36 p.m. Tiro cantidad:10000 Objeto:Monedas de oro
05/08/2004 05:16:36 p.m. Tiro cantidad:10000 Objeto:Monedas de oro
05/08/2004 05:16:36 p.m. Tiro cantidad:10000 Objeto:Monedas de oro
05/08/2004 05:16:38 p.m. Tiro cantidad:10000 Objeto:Monedas de oro
05/08/2004 05:16:38 p.m. Tiro cantidad:10000 Objeto:Monedas de oro
05/08/2004 05:16:38 p.m. Tiro cantidad:10000 Objeto:Monedas de oro
05/08/2004 05:16:38 p.m. Tiro cantidad:10000 Objeto:Monedas de oro
05/08/2004 05:16:38 p.m. Tiro cantidad:10000 Objeto:Monedas de oro
05/08/2004 05:16:38 p.m. Tiro cantidad:10000 Objeto:Monedas de oro
05/08/2004 05:16:38 p.m. Tiro cantidad:10000 Objeto:Monedas de oro
05/08/2004 05:16:38 p.m. Tiro cantidad:10000 Objeto:Monedas de oro
05/08/2004 05:16:38 p.m. Tiro cantidad:10000 Objeto:Monedas de oro
05/08/2004 05:16:38 p.m. Tiro cantidad:10000 Objeto:Monedas de oro
05/08/2004 05:16:40 p.m. Tiro cantidad:10000 Objeto:Monedas de oro
05/08/2004 05:16:40 p.m. Tiro cantidad:10000 Objeto:Monedas de oro
05/08/2004 05:16:41 p.m. Tiro cantidad:10000 Objeto:Monedas de oro
05/08/2004 05:16:41 p.m. Tiro cantidad:10000 Objeto:Monedas de oro
05/08/2004 05:16:41 p.m. Tiro cantidad:10000 Objeto:Monedas de oro
05/08/2004 05:16:41 p.m. Tiro cantidad:10000 Objeto:Monedas de oro
05/08/2004 05:16:41 p.m. Tiro cantidad:10000 Objeto:Monedas de oro
05/08/2004 05:16:41 p.m. Tiro cantidad:10000 Objeto:Monedas de oro
05/08/2004 05:16:41 p.m. Tiro cantidad:10000 Objeto:Monedas de oro
05/08/2004 05:16:41 p.m. Tiro cantidad:10000 Objeto:Monedas de oro
05/08/2004 05:16:48 p.m. Transporto a Token hacia Mapa1 X:50 Y:50
05/08/2004 05:22:20 p.m. Se conecto con ip:24.232.113.125
05/08/2004 05:22:39 p.m. /mod token head 123
05/08/2004 05:22:48 p.m. /mod token head 3
05/08/2004 05:22:49 p.m. /mod token head 
05/08/2004 05:22:51 p.m. /mod token head 2
05/08/2004 05:22:52 p.m. /mod token head 4
05/08/2004 05:22:54 p.m. /mod token hea
05/08/2004 05:23:16 p.m. /IRA Star Mapa:59 X:87 Y:63
05/08/2004 05:23:38 p.m. Tiro cantidad:1 Objeto:Apocalipsis
05/08/2004 05:23:40 p.m. Tiro cantidad:1 Objeto:Invocar elemental de fuego
05/08/2004 05:23:42 p.m. Tiro cantidad:1 Objeto:Invocar elemental de agua
05/08/2004 05:23:44 p.m. Tiro cantidad:1 Objeto:Invocar elemental de tierra
05/08/2004 05:23:47 p.m. Tiro cantidad:1 Objeto:Implorar ayuda
05/08/2004 05:23:53 p.m. /IRA Sicarul Mapa:59 X:80 Y:38
05/08/2004 05:26:14 p.m. /mod token exp
05/08/2004 05:26:15 p.m. /mod token exp
05/08/2004 05:26:16 p.m. /mod token exp
05/08/2004 05:26:25 p.m. /mod token exp 999999
05/08/2004 05:26:25 p.m. /mod token exp 999999
05/08/2004 05:26:26 p.m. /mod token exp 999999
05/08/2004 05:26:27 p.m. /mod token exp 999999
05/08/2004 05:26:27 p.m. /mod token exp 999999
05/08/2004 05:26:29 p.m. /mod token exp 999999
05/08/2004 05:26:29 p.m. /mod token exp 999999
05/08/2004 05:26:30 p.m. /mod token exp 999999
05/08/2004 05:26:31 p.m. /mod token exp 999999
05/08/2004 05:26:32 p.m. /mod token exp 999999
05/08/2004 05:26:32 p.m. /mod token exp 999999
05/08/2004 05:26:34 p.m. /mod token exp 999999
05/08/2004 05:26:34 p.m. /mod token exp 999999
05/08/2004 05:26:35 p.m. /mod token exp 999999
05/08/2004 05:26:37 p.m. /mod token exp 999999
05/08/2004 05:26:37 p.m. /mod token exp 999999
05/08/2004 05:26:38 p.m. /mod token exp 999999
05/08/2004 05:26:39 p.m. /mod token exp 999999
05/08/2004 05:26:39 p.m. /mod token exp 999999
05/08/2004 05:26:40 p.m. /mod token exp 999999
05/08/2004 05:26:41 p.m. /mod token exp 999999
05/08/2004 05:26:41 p.m. /mod token exp 999999
05/08/2004 05:26:42 p.m. /mod token exp 999999
05/08/2004 05:26:43 p.m. /mod token exp 999999
05/08/2004 05:26:44 p.m. /mod token exp 999999
05/08/2004 05:26:44 p.m. /mod token exp 999999
05/08/2004 05:26:45 p.m. /mod token exp 999999
05/08/2004 05:26:46 p.m. /mod token exp 999999
05/08/2004 05:26:46 p.m. /mod token exp 999999
05/08/2004 05:27:01 p.m. /mod star oro 9999999
05/08/2004 05:27:01 p.m. /mod token exp 999999
05/08/2004 05:27:02 p.m. /mod token exp 999999
05/08/2004 05:27:03 p.m. /mod token exp 999999
05/08/2004 05:27:03 p.m. /mod token exp 999999
05/08/2004 05:27:04 p.m. /mod token exp 999999
05/08/2004 05:27:04 p.m. /mod token exp 999999
05/08/2004 05:27:05 p.m. /mod token exp 999999
05/08/2004 05:27:06 p.m. /mod token exp 999999
05/08/2004 05:27:07 p.m. /mod token exp 999999
05/08/2004 05:27:07 p.m. /mod token exp 999999
05/08/2004 05:27:59 p.m. /IRA Star Mapa:59 X:46 Y:60
05/08/2004 05:28:07 p.m. /IRA Sicarul Mapa:59 X:81 Y:46
05/08/2004 05:32:16 p.m. /mod token head 6
05/08/2004 05:32:19 p.m. /mod token head 24
05/08/2004 05:32:22 p.m. /mod token head 11
05/08/2004 05:32:24 p.m. /mod token head 
05/08/2004 05:32:26 p.m. /mod token head 33
05/08/2004 05:32:27 p.m. /mod token head 12
05/08/2004 05:32:29 p.m. /mod token head 11
05/08/2004 05:32:30 p.m. /mod token head 10
05/08/2004 05:32:32 p.m. /mod token head 5
05/08/2004 05:32:33 p.m. /mod token head 
05/08/2004 05:32:35 p.m. /mod token head 3
05/08/2004 05:32:36 p.m. /mod token head 1
05/08/2004 05:32:40 p.m. /mod token head 9
05/08/2004 05:32:41 p.m. /mod token head 9
05/08/2004 05:32:44 p.m. /mod token head 9
05/08/2004 05:32:45 p.m. /mod token head 3
05/08/2004 05:32:47 p.m. /mod token head 2
05/08/2004 05:32:48 p.m. /mod token head 1
05/08/2004 05:32:50 p.m. /mod token head 5
05/08/2004 05:32:51 p.m. /mod token head 4
05/08/2004 05:32:52 p.m. /mod token head 6
05/08/2004 05:32:54 p.m. /mod token head 4
05/08/2004 05:33:36 p.m. /mod star head 
05/08/2004 05:33:38 p.m. /mod star head 1
05/08/2004 05:33:39 p.m. /mod star head 
05/08/2004 05:33:41 p.m. /mod star head 2
05/08/2004 05:33:42 p.m. /mod star head 3
05/08/2004 05:33:43 p.m. /mod star head 4
05/08/2004 05:33:45 p.m. /mod star head 5
05/08/2004 05:33:46 p.m. /mod star head 6
05/08/2004 05:33:48 p.m. /mod star head 7
05/08/2004 05:33:49 p.m. /mod star head 8
05/08/2004 05:33:51 p.m. /mod star head 3
05/08/2004 05:33:54 p.m. /mod star head 2
05/08/2004 05:33:56 p.m. /mod star head 3
05/08/2004 05:33:58 p.m. /mod star head 44
05/08/2004 05:34:00 p.m. /mod star head 444
05/08/2004 05:34:02 p.m. /mod star head 2
05/08/2004 05:34:03 p.m. /mod star head 4
05/08/2004 05:34:06 p.m. /mod star head 3
05/08/2004 05:34:08 p.m. /mod star head 2
05/08/2004 05:34:10 p.m. /mod star head 6
05/08/2004 05:34:14 p.m. /mod 
05/08/2004 05:34:30 p.m. Sumoneo Dark pUmAtAr
05/08/2004 05:34:30 p.m. Sumoneo Dark pUmAtAr
05/08/2004 05:34:31 p.m. Sumoneo Dark pUmAtAr
05/08/2004 05:34:31 p.m. Sumoneo Dark pUmAtAr
05/08/2004 05:34:31 p.m. Sumoneo Dark pUmAtAr
05/08/2004 05:34:32 p.m. Sumoneo Dark pUmAtAr
05/08/2004 05:34:32 p.m. Sumoneo Dark pUmAtAr
05/08/2004 05:34:32 p.m. Sumoneo Dark pUmAtAr
05/08/2004 05:34:32 p.m. Sumoneo Dark pUmAtAr
05/08/2004 05:34:33 p.m. Sumoneo Dark pUmAtAr
05/08/2004 05:34:33 p.m. Sumoneo Dark pUmAtAr
05/08/2004 05:34:33 p.m. Sumoneo Dark pUmAtAr
05/08/2004 05:34:33 p.m. Sumoneo Dark pUmAtAr
05/08/2004 05:34:34 p.m. Sumoneo Dark wAg
05/08/2004 05:34:34 p.m. Sumoneo Dark wAg
05/08/2004 05:34:34 p.m. Sumoneo Dark wAg
05/08/2004 05:34:34 p.m. Sumoneo Dark wAg
05/08/2004 05:34:35 p.m. Sumoneo Dark wAg
05/08/2004 05:34:35 p.m. Sumoneo Dark wAg
05/08/2004 05:34:35 p.m. Sumoneo Dark wAg
05/08/2004 05:34:36 p.m. Sumoneo Dark sIcArUl
05/08/2004 05:34:36 p.m. Sumoneo Dark sIcArUl
05/08/2004 05:34:36 p.m. Sumoneo Dark sIcArUl
05/08/2004 05:34:37 p.m. Sumoneo Dark sIcArUl
05/08/2004 05:34:37 p.m. Sumoneo Dark sIcArUl
05/08/2004 05:34:37 p.m. Sumoneo Dark sIcArUl
05/08/2004 05:34:38 p.m. Sumoneo Señor de la muerte
05/08/2004 05:34:38 p.m. Sumoneo Señor de la muerte
05/08/2004 05:34:38 p.m. Sumoneo Señor de la muerte
05/08/2004 05:34:38 p.m. Sumoneo Señor de la muerte
05/08/2004 05:34:38 p.m. Sumoneo Señor de la muerte
05/08/2004 05:34:39 p.m. Sumoneo Señor de la muerte
05/08/2004 05:34:39 p.m. Sumoneo Señor de la muerte
05/08/2004 05:34:39 p.m. Sumoneo Señor de la muerte
05/08/2004 05:34:39 p.m. Sumoneo Señor de la muerte
05/08/2004 05:34:39 p.m. Sumoneo Señor de la muerte
05/08/2004 05:34:40 p.m. Sumoneo Señor de la muerte
05/08/2004 05:34:40 p.m. Sumoneo Señor de la muerte
05/08/2004 05:34:41 p.m. Sumoneo Señor de la muerte
05/08/2004 05:34:41 p.m. Sumoneo Señor de la muerte
05/08/2004 05:34:41 p.m. Sumoneo Señor de la muerte
05/08/2004 05:34:41 p.m. Sumoneo Señor de la muerte
05/08/2004 05:34:41 p.m. Sumoneo Señor de la muerte
05/08/2004 05:34:42 p.m. Sumoneo Señor de la muerte
05/08/2004 05:34:42 p.m. Sumoneo Señor de la muerte
05/08/2004 05:34:42 p.m. Sumoneo Señor de la muerte
05/08/2004 05:34:42 p.m. Sumoneo Señor de la muerte
05/08/2004 05:34:42 p.m. Sumoneo Señor de la muerte
05/08/2004 05:34:42 p.m. Sumoneo Señor de la muerte
05/08/2004 05:34:43 p.m. Sumoneo Oso blanco
05/08/2004 05:34:43 p.m. Sumoneo Oso blanco
05/08/2004 05:34:44 p.m. Sumoneo Oso blanco
05/08/2004 05:34:44 p.m. Sumoneo Oso blanco
05/08/2004 05:34:44 p.m. Sumoneo Oso blanco
05/08/2004 05:34:45 p.m. Sumoneo Oso blanco
05/08/2004 05:34:45 p.m. Sumoneo Oso blanco
05/08/2004 05:34:45 p.m. Sumoneo Oso blanco
05/08/2004 05:34:46 p.m. Sumoneo Oso blanco
05/08/2004 05:34:46 p.m. Sumoneo Dark pUmAtAr
05/08/2004 05:34:46 p.m. Sumoneo Dark pUmAtAr
05/08/2004 05:34:46 p.m. Sumoneo Dark pUmAtAr
05/08/2004 05:34:46 p.m. Sumoneo Dark pUmAtAr
05/08/2004 05:34:46 p.m. Sumoneo Dark pUmAtAr
05/08/2004 05:34:47 p.m. Sumoneo Dark pUmAtAr
05/08/2004 05:34:47 p.m. Sumoneo Dark pUmAtAr
05/08/2004 05:34:48 p.m. Sumoneo Dark pUmAtAr
05/08/2004 05:34:48 p.m. Sumoneo Dark pUmAtAr
05/08/2004 05:34:48 p.m. Sumoneo Dark pUmAtAr
05/08/2004 05:34:48 p.m. Sumoneo Dark pUmAtAr
05/08/2004 05:34:48 p.m. Sumoneo Dark pUmAtAr
05/08/2004 05:34:49 p.m. Sumoneo Dark pUmAtAr
05/08/2004 05:34:49 p.m. Sumoneo Dark pUmAtAr
05/08/2004 05:34:49 p.m. Sumoneo Dark pUmAtAr
05/08/2004 05:34:49 p.m. Sumoneo Dark pUmAtAr
05/08/2004 05:34:49 p.m. Sumoneo Dark pUmAtAr
05/08/2004 05:34:50 p.m. Sumoneo Dark pUmAtAr
05/08/2004 05:34:50 p.m. Sumoneo Dark pUmAtAr
05/08/2004 05:34:50 p.m. Sumoneo Dark pUmAtAr
05/08/2004 05:34:51 p.m. Sumoneo Dark wAg
05/08/2004 05:34:51 p.m. Sumoneo Dark wAg
05/08/2004 05:34:51 p.m. Sumoneo Dark wAg
05/08/2004 05:34:52 p.m. Sumoneo Dark wAg
05/08/2004 05:34:52 p.m. Sumoneo Dark wAg
05/08/2004 05:34:53 p.m. Sumoneo Dark wAg
05/08/2004 05:34:53 p.m. Sumoneo Dark wAg
05/08/2004 05:34:54 p.m. Sumoneo Dark wAg
05/08/2004 05:34:54 p.m. Sumoneo Dark wAg
05/08/2004 05:34:55 p.m. Sumoneo Dark wAg
05/08/2004 05:34:55 p.m. Sumoneo Dark wAg
05/08/2004 05:34:55 p.m. Sumoneo Dark wAg
05/08/2004 05:34:55 p.m. Sumoneo Dark wAg
05/08/2004 05:34:56 p.m. Sumoneo Dark wAg
05/08/2004 05:34:56 p.m. Sumoneo Dark wAg
05/08/2004 05:34:56 p.m. Sumoneo Dark wAg
05/08/2004 05:34:57 p.m. Sumoneo Dark wAg
05/08/2004 05:34:57 p.m. Sumoneo Dark wAg
05/08/2004 05:34:57 p.m. Sumoneo Dark wAg
05/08/2004 05:34:57 p.m. Sumoneo Dark wAg
05/08/2004 05:34:57 p.m. Sumoneo Dark wAg
05/08/2004 05:34:58 p.m. Sumoneo Dark wAg
05/08/2004 05:34:58 p.m. Sumoneo Dark wAg
05/08/2004 05:34:58 p.m. Sumoneo Dark wAg
05/08/2004 05:34:58 p.m. Sumoneo Dark wAg
