19/07/2004 02:51:05 p.m. Se conecto con ip:192.168.0.139
19/07/2004 02:51:29 p.m. Transporto a WAG hacia Mapa140 X:50 Y:50
19/07/2004 02:51:32 p.m. Transporto a WAG hacia Mapa140 X:53 Y:53
19/07/2004 02:51:33 p.m. Transporto a WAG hacia Mapa140 X:54 Y:58
19/07/2004 02:51:34 p.m. Transporto a WAG hacia Mapa140 X:54 Y:63
19/07/2004 02:51:34 p.m. Transporto a WAG hacia Mapa140 X:54 Y:68
19/07/2004 02:51:35 p.m. Transporto a WAG hacia Mapa140 X:53 Y:73
19/07/2004 02:51:35 p.m. Transporto a WAG hacia Mapa140 X:52 Y:78
19/07/2004 02:51:36 p.m. Transporto a WAG hacia Mapa140 X:52 Y:83
19/07/2004 02:51:36 p.m. Transporto a WAG hacia Mapa140 X:52 Y:88
19/07/2004 02:51:37 p.m. Transporto a WAG hacia Mapa140 X:52 Y:93
19/07/2004 02:51:40 p.m. Transporto a WAG hacia Mapa140 X:53 Y:93
19/07/2004 02:51:50 p.m. Transporto a WAG hacia Mapa140 X:53 Y:93
19/07/2004 02:52:10 p.m. /MASSKILL
19/07/2004 02:52:27 p.m. /CT: 1 50 50
19/07/2004 02:52:32 p.m. /DT
19/07/2004 02:52:36 p.m. /CT: 1 50 50
19/07/2004 02:52:54 p.m. Transporto a WAG hacia Mapa140 X:60 Y:50
19/07/2004 02:52:57 p.m. Transporto a WAG hacia Mapa140 X:60 Y:53
19/07/2004 02:52:57 p.m. Transporto a WAG hacia Mapa140 X:59 Y:57
19/07/2004 02:52:58 p.m. Transporto a WAG hacia Mapa140 X:56 Y:61
19/07/2004 02:52:58 p.m. Transporto a WAG hacia Mapa140 X:54 Y:66
19/07/2004 02:52:59 p.m. Transporto a WAG hacia Mapa140 X:53 Y:71
19/07/2004 02:53:00 p.m. Transporto a WAG hacia Mapa140 X:52 Y:76
19/07/2004 02:53:00 p.m. Transporto a WAG hacia Mapa140 X:52 Y:79
19/07/2004 02:53:01 p.m. Transporto a WAG hacia Mapa140 X:52 Y:82
19/07/2004 02:53:01 p.m. Transporto a WAG hacia Mapa140 X:52 Y:86
19/07/2004 02:53:02 p.m. Transporto a WAG hacia Mapa140 X:52 Y:90
19/07/2004 02:53:02 p.m. Transporto a WAG hacia Mapa140 X:52 Y:94
19/07/2004 02:53:08 p.m. /DT
19/07/2004 05:17:31 p.m. Se conecto con ip:200.82.77.155
19/07/2004 05:18:38 p.m. Se conecto con ip:200.82.77.155
19/07/2004 05:18:55 p.m. Se conecto con ip:200.82.77.155
19/07/2004 05:22:53 p.m. /IRA Sicarul Mapa:2 X:53 Y:8
19/07/2004 05:23:11 p.m. /IRA Sicarul Mapa:1 X:58 Y:51
19/07/2004 05:25:52 p.m. /TELEPLOC a x:42 Y:87 Map:34
19/07/2004 05:25:56 p.m. /TELEPLOC a x:38 Y:89 Map:34
19/07/2004 05:26:04 p.m. /TELEPLOC a x:40 Y:85 Map:34
19/07/2004 05:26:05 p.m. /TELEPLOC a x:40 Y:88 Map:34
19/07/2004 05:26:07 p.m. /TELEPLOC a x:41 Y:86 Map:34
19/07/2004 05:26:08 p.m. /TELEPLOC a x:39 Y:89 Map:34
19/07/2004 05:26:09 p.m. /TELEPLOC a x:38 Y:89 Map:34
19/07/2004 05:26:10 p.m. /TELEPLOC a x:36 Y:87 Map:34
19/07/2004 05:26:11 p.m. /TELEPLOC a x:39 Y:85 Map:34
19/07/2004 05:26:11 p.m. /TELEPLOC a x:42 Y:85 Map:34
19/07/2004 05:26:11 p.m. /TELEPLOC a x:41 Y:86 Map:34
19/07/2004 05:26:12 p.m. /TELEPLOC a x:39 Y:88 Map:34
19/07/2004 05:26:12 p.m. /TELEPLOC a x:37 Y:88 Map:34
19/07/2004 05:26:12 p.m. /TELEPLOC a x:37 Y:86 Map:34
19/07/2004 05:26:12 p.m. /TELEPLOC a x:34 Y:87 Map:34
19/07/2004 05:26:13 p.m. /TELEPLOC a x:37 Y:84 Map:34
19/07/2004 05:26:13 p.m. /TELEPLOC a x:38 Y:88 Map:34
19/07/2004 05:26:13 p.m. /TELEPLOC a x:41 Y:85 Map:34
19/07/2004 05:26:13 p.m. /TELEPLOC a x:39 Y:90 Map:34
19/07/2004 05:26:13 p.m. /TELEPLOC a x:42 Y:86 Map:34
19/07/2004 05:26:14 p.m. /TELEPLOC a x:41 Y:90 Map:34
19/07/2004 05:26:14 p.m. /TELEPLOC a x:41 Y:86 Map:34
19/07/2004 05:26:14 p.m. /TELEPLOC a x:37 Y:93 Map:34
19/07/2004 05:26:14 p.m. /TELEPLOC a x:39 Y:90 Map:34
19/07/2004 05:26:14 p.m. /TELEPLOC a x:38 Y:85 Map:34
19/07/2004 05:26:15 p.m. /TELEPLOC a x:37 Y:92 Map:34
19/07/2004 05:26:15 p.m. /TELEPLOC a x:37 Y:93 Map:34
19/07/2004 05:26:15 p.m. /TELEPLOC a x:37 Y:84 Map:34
19/07/2004 05:26:15 p.m. /TELEPLOC a x:39 Y:83 Map:34
19/07/2004 05:26:16 p.m. /TELEPLOC a x:39 Y:87 Map:34
19/07/2004 05:26:16 p.m. /TELEPLOC a x:38 Y:87 Map:34
19/07/2004 05:26:16 p.m. /TELEPLOC a x:39 Y:87 Map:34
19/07/2004 05:26:16 p.m. /TELEPLOC a x:39 Y:87 Map:34
19/07/2004 05:26:17 p.m. /TELEPLOC a x:39 Y:87 Map:34
19/07/2004 05:26:17 p.m. /TELEPLOC a x:37 Y:92 Map:34
19/07/2004 05:26:17 p.m. /TELEPLOC a x:39 Y:86 Map:34
19/07/2004 05:26:17 p.m. /TELEPLOC a x:39 Y:87 Map:34
19/07/2004 05:26:18 p.m. /TELEPLOC a x:38 Y:88 Map:34
19/07/2004 05:26:18 p.m. /TELEPLOC a x:39 Y:88 Map:34
19/07/2004 05:26:18 p.m. /TELEPLOC a x:39 Y:88 Map:34
19/07/2004 05:26:18 p.m. /TELEPLOC a x:40 Y:87 Map:34
19/07/2004 05:26:19 p.m. /TELEPLOC a x:39 Y:86 Map:34
19/07/2004 05:26:19 p.m. /TELEPLOC a x:37 Y:87 Map:34
19/07/2004 05:26:19 p.m. /TELEPLOC a x:36 Y:92 Map:34
19/07/2004 05:26:19 p.m. /TELEPLOC a x:39 Y:86 Map:34
19/07/2004 05:26:19 p.m. /TELEPLOC a x:38 Y:85 Map:34
19/07/2004 05:26:20 p.m. /TELEPLOC a x:35 Y:92 Map:34
19/07/2004 05:26:20 p.m. /TELEPLOC a x:42 Y:86 Map:34
19/07/2004 05:26:20 p.m. /TELEPLOC a x:41 Y:84 Map:34
19/07/2004 05:26:20 p.m. /TELEPLOC a x:33 Y:92 Map:34
19/07/2004 05:26:20 p.m. /TELEPLOC a x:41 Y:84 Map:34
19/07/2004 05:26:21 p.m. /TELEPLOC a x:42 Y:83 Map:34
19/07/2004 05:26:21 p.m. /TELEPLOC a x:31 Y:94 Map:34
19/07/2004 05:26:21 p.m. /TELEPLOC a x:41 Y:85 Map:34
19/07/2004 05:26:22 p.m. /TELEPLOC a x:43 Y:82 Map:34
19/07/2004 05:26:22 p.m. /TELEPLOC a x:43 Y:82 Map:34
19/07/2004 05:26:22 p.m. /TELEPLOC a x:31 Y:93 Map:34
19/07/2004 05:26:22 p.m. /TELEPLOC a x:32 Y:92 Map:34
19/07/2004 05:26:23 p.m. /TELEPLOC a x:34 Y:91 Map:34
19/07/2004 05:26:23 p.m. /TELEPLOC a x:34 Y:91 Map:34
19/07/2004 05:26:23 p.m. /TELEPLOC a x:34 Y:91 Map:34
19/07/2004 05:26:23 p.m. /TELEPLOC a x:34 Y:90 Map:34
19/07/2004 05:26:24 p.m. /TELEPLOC a x:46 Y:78 Map:34
19/07/2004 05:26:25 p.m. /TELEPLOC a x:47 Y:77 Map:34
19/07/2004 05:26:25 p.m. /TELEPLOC a x:43 Y:79 Map:34
19/07/2004 05:26:25 p.m. /TELEPLOC a x:42 Y:80 Map:34
19/07/2004 05:26:25 p.m. /TELEPLOC a x:42 Y:80 Map:34
19/07/2004 05:26:26 p.m. /TELEPLOC a x:42 Y:80 Map:34
19/07/2004 05:26:26 p.m. /TELEPLOC a x:43 Y:79 Map:34
19/07/2004 05:26:27 p.m. /TELEPLOC a x:40 Y:80 Map:34
19/07/2004 05:26:27 p.m. /TELEPLOC a x:38 Y:81 Map:34
19/07/2004 05:26:27 p.m. /TELEPLOC a x:37 Y:83 Map:34
19/07/2004 05:26:28 p.m. /TELEPLOC a x:39 Y:84 Map:34
19/07/2004 05:26:28 p.m. /TELEPLOC a x:38 Y:86 Map:34
19/07/2004 05:26:28 p.m. /TELEPLOC a x:39 Y:88 Map:34
19/07/2004 05:26:29 p.m. /TELEPLOC a x:38 Y:88 Map:34
19/07/2004 05:26:29 p.m. /TELEPLOC a x:38 Y:89 Map:34
19/07/2004 05:26:29 p.m. /TELEPLOC a x:38 Y:88 Map:34
19/07/2004 05:26:29 p.m. /TELEPLOC a x:38 Y:89 Map:34
19/07/2004 05:26:30 p.m. /TELEPLOC a x:39 Y:88 Map:34
19/07/2004 05:26:30 p.m. /TELEPLOC a x:40 Y:87 Map:34
19/07/2004 05:26:31 p.m. /TELEPLOC a x:40 Y:87 Map:34
19/07/2004 05:26:31 p.m. /TELEPLOC a x:40 Y:87 Map:34
19/07/2004 05:26:31 p.m. /TELEPLOC a x:40 Y:87 Map:34
19/07/2004 05:26:31 p.m. /TELEPLOC a x:40 Y:87 Map:34
19/07/2004 05:26:32 p.m. /TELEPLOC a x:39 Y:87 Map:34
19/07/2004 05:26:32 p.m. /TELEPLOC a x:39 Y:87 Map:34
19/07/2004 05:26:32 p.m. /TELEPLOC a x:38 Y:88 Map:34
19/07/2004 05:26:33 p.m. /TELEPLOC a x:38 Y:89 Map:34
19/07/2004 05:26:33 p.m. /TELEPLOC a x:38 Y:90 Map:34
19/07/2004 05:26:33 p.m. /TELEPLOC a x:38 Y:89 Map:34
19/07/2004 05:26:34 p.m. /TELEPLOC a x:38 Y:90 Map:34
19/07/2004 05:26:34 p.m. /TELEPLOC a x:39 Y:89 Map:34
19/07/2004 05:26:34 p.m. /TELEPLOC a x:39 Y:89 Map:34
19/07/2004 05:26:34 p.m. /TELEPLOC a x:39 Y:89 Map:34
19/07/2004 05:26:35 p.m. /TELEPLOC a x:40 Y:88 Map:34
19/07/2004 05:26:35 p.m. /TELEPLOC a x:41 Y:87 Map:34
19/07/2004 05:26:36 p.m. /TELEPLOC a x:41 Y:87 Map:34
19/07/2004 05:26:36 p.m. /TELEPLOC a x:41 Y:87 Map:34
19/07/2004 05:26:36 p.m. /TELEPLOC a x:40 Y:87 Map:34
19/07/2004 05:26:36 p.m. /TELEPLOC a x:39 Y:87 Map:34
19/07/2004 05:26:37 p.m. /TELEPLOC a x:39 Y:87 Map:34
19/07/2004 05:27:22 p.m. /TELEPLOC a x:40 Y:87 Map:34
19/07/2004 05:27:36 p.m. /TELEPLOC a x:37 Y:83 Map:34
19/07/2004 05:27:42 p.m. /TELEPLOC a x:39 Y:80 Map:34
19/07/2004 05:27:56 p.m. /TELEPLOC a x:35 Y:82 Map:34
19/07/2004 05:27:56 p.m. /TELEPLOC a x:38 Y:83 Map:34
19/07/2004 05:27:59 p.m. /TELEPLOC a x:34 Y:81 Map:34
19/07/2004 05:28:00 p.m. /TELEPLOC a x:34 Y:78 Map:34
19/07/2004 05:28:00 p.m. /TELEPLOC a x:38 Y:80 Map:34
19/07/2004 05:28:02 p.m. /TELEPLOC a x:35 Y:82 Map:34
19/07/2004 05:28:03 p.m. /TELEPLOC a x:33 Y:77 Map:34
19/07/2004 05:28:03 p.m. /TELEPLOC a x:38 Y:79 Map:34
19/07/2004 05:28:04 p.m. /TELEPLOC a x:35 Y:83 Map:34
19/07/2004 05:38:08 p.m. Transporto a Wag hacia Mapa37 X:78 Y:87
19/07/2004 05:44:56 p.m. /TELEPLOC a x:39 Y:18 Map:37
19/07/2004 05:45:23 p.m. /TELEPLOC a x:36 Y:24 Map:37
19/07/2004 05:45:23 p.m. /TELEPLOC a x:36 Y:24 Map:37
19/07/2004 05:45:24 p.m. /TELEPLOC a x:36 Y:23 Map:37
19/07/2004 05:45:24 p.m. /TELEPLOC a x:36 Y:29 Map:37
19/07/2004 05:45:25 p.m. /TELEPLOC a x:36 Y:23 Map:37
19/07/2004 05:45:25 p.m. /TELEPLOC a x:36 Y:23 Map:37
19/07/2004 05:45:26 p.m. /TELEPLOC a x:36 Y:24 Map:37
19/07/2004 05:45:27 p.m. /TELEPLOC a x:36 Y:19 Map:37
19/07/2004 05:45:27 p.m. /TELEPLOC a x:36 Y:18 Map:37
19/07/2004 05:53:56 p.m. Agarro:1 Objeto:Pollo
19/07/2004 05:59:48 p.m. /TELEPLOC a x:42 Y:46 Map:59
19/07/2004 05:59:49 p.m. /TELEPLOC a x:49 Y:52 Map:59
19/07/2004 05:59:50 p.m. /TELEPLOC a x:56 Y:57 Map:59
19/07/2004 05:59:51 p.m. /TELEPLOC a x:64 Y:62 Map:59
19/07/2004 05:59:52 p.m. /TELEPLOC a x:72 Y:63 Map:59
19/07/2004 05:59:53 p.m. /TELEPLOC a x:80 Y:64 Map:59
19/07/2004 05:59:54 p.m. /TELEPLOC a x:87 Y:66 Map:59
19/07/2004 05:59:55 p.m. /TELEPLOC a x:88 Y:62 Map:59
19/07/2004 05:59:57 p.m. /TELEPLOC a x:80 Y:68 Map:59
19/07/2004 06:00:00 p.m. /TELEPLOC a x:89 Y:62 Map:59
19/07/2004 06:00:42 p.m. Transporto a Wag hacia Mapa139 X:53 Y:55
19/07/2004 06:06:32 p.m. /TELEPLOC a x:52 Y:65 Map:140
19/07/2004 06:09:15 p.m. /TELEPLOC a x:53 Y:60 Map:140
19/07/2004 06:09:16 p.m. /TELEPLOC a x:53 Y:54 Map:140
19/07/2004 06:09:17 p.m. /TELEPLOC a x:52 Y:48 Map:140
19/07/2004 06:09:19 p.m. /TELEPLOC a x:52 Y:42 Map:140
19/07/2004 06:09:19 p.m. /TELEPLOC a x:52 Y:42 Map:140
19/07/2004 06:09:20 p.m. /TELEPLOC a x:52 Y:36 Map:140
19/07/2004 06:09:21 p.m. /TELEPLOC a x:52 Y:30 Map:140
19/07/2004 06:09:21 p.m. /TELEPLOC a x:52 Y:24 Map:140
19/07/2004 06:09:25 p.m. /TELEPLOC a x:57 Y:22 Map:140
19/07/2004 06:09:26 p.m. /TELEPLOC a x:56 Y:24 Map:140
19/07/2004 06:09:26 p.m. /TELEPLOC a x:56 Y:24 Map:140
19/07/2004 06:09:26 p.m. /TELEPLOC a x:60 Y:25 Map:140
19/07/2004 06:09:27 p.m. /TELEPLOC a x:60 Y:25 Map:140
19/07/2004 06:09:27 p.m. /TELEPLOC a x:60 Y:25 Map:140
19/07/2004 06:09:27 p.m. /TELEPLOC a x:53 Y:26 Map:140
19/07/2004 06:09:27 p.m. /TELEPLOC a x:53 Y:26 Map:140
19/07/2004 06:09:28 p.m. /TELEPLOC a x:54 Y:25 Map:140
19/07/2004 06:09:28 p.m. /TELEPLOC a x:54 Y:24 Map:140
19/07/2004 06:09:28 p.m. /TELEPLOC a x:54 Y:25 Map:140
19/07/2004 06:10:33 p.m. /TELEPLOC a x:55 Y:26 Map:140
19/07/2004 06:13:18 p.m. Transporto a Wag hacia Mapa1 X:58 Y:58
03/08/2004 10:15:53 p.m. Se conecto con ip:200.82.76.78
03/08/2004 10:16:11 p.m. /TELEPLOC a x:63 Y:57 Map:1
03/08/2004 10:16:54 p.m. /IRA tkv Mapa:37 X:79 Y:34
03/08/2004 10:18:44 p.m. /IRA DiegoEzequiel Mapa:1 X:59 Y:44
03/08/2004 10:24:06 p.m. /IRA tkv Mapa:1 X:62 Y:43
03/08/2004 10:25:33 p.m. Se conecto con ip:200.82.76.78
04/08/2004 08:20:57 p.m. Se conecto con ip:200.82.76.78
04/08/2004 08:21:24 p.m. Mensaje a Gms:un bug a solucionar: que no cuenten los editramientos a los pjs mismios
04/08/2004 08:24:21 p.m. Se conecto con ip:200.82.76.78
07/08/2004 01:05:00 p.m. Se conecto con ip:200.82.77.99
07/08/2004 01:05:10 p.m. Hizo el objeto: 12(ObjIndex)
